FATAL [Thread-6] 2018-02-26 01:12:35,795 repast.simphony.ui.GUIScheduleRunner - RunTimeException when running the schedule
Current tick (1.0)
java.lang.RuntimeException: java.lang.reflect.InvocationTargetException
	at repast.simphony.engine.schedule.DynamicTargetAction.execute(DynamicTargetAction.java:72)
	at repast.simphony.engine.controller.ScheduledMethodControllerAction$ScheduleMethodAllAction.execute(ScheduledMethodControllerAction.java:333)
	at repast.simphony.engine.schedule.DefaultAction.execute(DefaultAction.java:38)
	at repast.simphony.engine.schedule.ScheduleGroup.executeList(ScheduleGroup.java:205)
	at repast.simphony.engine.schedule.ScheduleGroup.execute(ScheduleGroup.java:231)
	at repast.simphony.engine.schedule.Schedule.execute(Schedule.java:352)
	at repast.simphony.ui.GUIScheduleRunner$ScheduleLoopRunnable.run(GUIScheduleRunner.java:52)
	at java.lang.Thread.run(Thread.java:748)
Caused by: java.lang.reflect.InvocationTargetException
	at aedes.relogo.UserObserver$$FastClassByCGLIB$$b4f8c4f1.invoke(<generated>)
	at net.sf.cglib.reflect.FastMethod.invoke(FastMethod.java:53)
	at repast.simphony.engine.schedule.DynamicTargetAction.execute(DynamicTargetAction.java:69)
	... 7 more
Caused by: groovy.lang.MissingMethodException: No signature of method: aedes.relogo.UserObserver.Mosquito() is applicable for argument types: () values: []
Possible solutions: mosquito(java.lang.Number), mosquitos(), isMosquitoQ(java.lang.Object), mosquitosOn(java.util.Collection), mosquitosOn(repast.simphony.relogo.Patch), mosquitosOn(repast.simphony.relogo.Turtle)
	at org.codehaus.groovy.runtime.ScriptBytecodeAdapter.unwrap(ScriptBytecodeAdapter.java:58)
	at org.codehaus.groovy.vmplugin.v7.IndyGuardsFiltersAndSignatures.unwrap(IndyGuardsFiltersAndSignatures.java:177)
	at org.codehaus.groovy.vmplugin.v7.IndyInterface.selectMethod(IndyInterface.java:232)
	at aedes.relogo.UserObserver.go(UserObserver.groovy:30)
	... 10 more
FATAL [Thread-6] 2018-02-26 01:13:30,079 repast.simphony.ui.GUIScheduleRunner - RunTimeException when running the schedule
Current tick (1.0)
java.lang.RuntimeException: java.lang.reflect.InvocationTargetException
	at repast.simphony.engine.schedule.DynamicTargetAction.execute(DynamicTargetAction.java:72)
	at repast.simphony.engine.controller.ScheduledMethodControllerAction$ScheduleMethodAllAction.execute(ScheduledMethodControllerAction.java:333)
	at repast.simphony.engine.schedule.DefaultAction.execute(DefaultAction.java:38)
	at repast.simphony.engine.schedule.ScheduleGroup.executeList(ScheduleGroup.java:205)
	at repast.simphony.engine.schedule.ScheduleGroup.execute(ScheduleGroup.java:231)
	at repast.simphony.engine.schedule.Schedule.execute(Schedule.java:352)
	at repast.simphony.ui.GUIScheduleRunner$ScheduleLoopRunnable.run(GUIScheduleRunner.java:52)
	at java.lang.Thread.run(Thread.java:748)
Caused by: java.lang.reflect.InvocationTargetException
	at aedes.relogo.UserObserver$$FastClassByCGLIB$$b4f8c4f1.invoke(<generated>)
	at net.sf.cglib.reflect.FastMethod.invoke(FastMethod.java:53)
	at repast.simphony.engine.schedule.DynamicTargetAction.execute(DynamicTargetAction.java:69)
	... 7 more
Caused by: groovy.lang.MissingMethodException: No signature of method: aedes.relogo.UserObserver.Mosquito() is applicable for argument types: () values: []
Possible solutions: mosquito(java.lang.Number), mosquitos(), isMosquitoQ(java.lang.Object), mosquitosOn(java.util.Collection), mosquitosOn(repast.simphony.relogo.Patch), mosquitosOn(repast.simphony.relogo.Turtle)
	at org.codehaus.groovy.runtime.ScriptBytecodeAdapter.unwrap(ScriptBytecodeAdapter.java:58)
	at org.codehaus.groovy.vmplugin.v7.IndyGuardsFiltersAndSignatures.unwrap(IndyGuardsFiltersAndSignatures.java:177)
	at org.codehaus.groovy.vmplugin.v7.IndyInterface.selectMethod(IndyInterface.java:232)
	at aedes.relogo.UserObserver.go(UserObserver.groovy:30)
	... 10 more
FATAL [Thread-6] 2018-02-26 01:14:42,882 repast.simphony.ui.GUIScheduleRunner - RunTimeException when running the schedule
Current tick (1.0)
java.lang.RuntimeException: java.lang.reflect.InvocationTargetException
	at repast.simphony.engine.schedule.DynamicTargetAction.execute(DynamicTargetAction.java:72)
	at repast.simphony.engine.controller.ScheduledMethodControllerAction$ScheduleMethodAllAction.execute(ScheduledMethodControllerAction.java:333)
	at repast.simphony.engine.schedule.DefaultAction.execute(DefaultAction.java:38)
	at repast.simphony.engine.schedule.ScheduleGroup.executeList(ScheduleGroup.java:205)
	at repast.simphony.engine.schedule.ScheduleGroup.execute(ScheduleGroup.java:231)
	at repast.simphony.engine.schedule.Schedule.execute(Schedule.java:352)
	at repast.simphony.ui.GUIScheduleRunner$ScheduleLoopRunnable.run(GUIScheduleRunner.java:52)
	at java.lang.Thread.run(Thread.java:748)
Caused by: java.lang.reflect.InvocationTargetException
	at aedes.relogo.UserObserver$$FastClassByCGLIB$$b4f8c4f1.invoke(<generated>)
	at net.sf.cglib.reflect.FastMethod.invoke(FastMethod.java:53)
	at repast.simphony.engine.schedule.DynamicTargetAction.execute(DynamicTargetAction.java:69)
	... 7 more
Caused by: groovy.lang.MissingMethodException: No signature of method: aedes.relogo.UserObserver.Mosquito() is applicable for argument types: () values: []
Possible solutions: mosquito(java.lang.Number), mosquitos(), isMosquitoQ(java.lang.Object), mosquitosOn(java.util.Collection), mosquitosOn(repast.simphony.relogo.Patch), mosquitosOn(repast.simphony.relogo.Turtle)
	at org.codehaus.groovy.runtime.ScriptBytecodeAdapter.unwrap(ScriptBytecodeAdapter.java:58)
	at org.codehaus.groovy.vmplugin.v7.IndyGuardsFiltersAndSignatures.unwrap(IndyGuardsFiltersAndSignatures.java:177)
	at org.codehaus.groovy.vmplugin.v7.IndyInterface.selectMethod(IndyInterface.java:232)
	at aedes.relogo.UserObserver.go(UserObserver.groovy:30)
	... 10 more
FATAL [Thread-6] 2018-02-26 01:18:26,107 repast.simphony.ui.GUIScheduleRunner - RunTimeException when running the schedule
Current tick (1.0)
java.lang.RuntimeException: java.lang.reflect.InvocationTargetException
	at repast.simphony.engine.schedule.DynamicTargetAction.execute(DynamicTargetAction.java:72)
	at repast.simphony.engine.controller.ScheduledMethodControllerAction$ScheduleMethodAllAction.execute(ScheduledMethodControllerAction.java:333)
	at repast.simphony.engine.schedule.DefaultAction.execute(DefaultAction.java:38)
	at repast.simphony.engine.schedule.ScheduleGroup.executeList(ScheduleGroup.java:205)
	at repast.simphony.engine.schedule.ScheduleGroup.execute(ScheduleGroup.java:231)
	at repast.simphony.engine.schedule.Schedule.execute(Schedule.java:352)
	at repast.simphony.ui.GUIScheduleRunner$ScheduleLoopRunnable.run(GUIScheduleRunner.java:52)
	at java.lang.Thread.run(Thread.java:748)
Caused by: java.lang.reflect.InvocationTargetException
	at aedes.relogo.UserObserver$$FastClassByCGLIB$$b4f8c4f1.invoke(<generated>)
	at net.sf.cglib.reflect.FastMethod.invoke(FastMethod.java:53)
	at repast.simphony.engine.schedule.DynamicTargetAction.execute(DynamicTargetAction.java:69)
	... 7 more
Caused by: groovy.lang.MissingMethodException: No signature of method: aedes.relogo.UserObserver.Mosquito() is applicable for argument types: () values: []
Possible solutions: mosquito(java.lang.Number), mosquitos(), isMosquitoQ(java.lang.Object), mosquitosOn(java.util.Collection), mosquitosOn(repast.simphony.relogo.Patch), mosquitosOn(repast.simphony.relogo.Turtle)
	at org.codehaus.groovy.runtime.ScriptBytecodeAdapter.unwrap(ScriptBytecodeAdapter.java:58)
	at org.codehaus.groovy.vmplugin.v7.IndyGuardsFiltersAndSignatures.unwrap(IndyGuardsFiltersAndSignatures.java:177)
	at org.codehaus.groovy.vmplugin.v7.IndyInterface.selectMethod(IndyInterface.java:232)
	at aedes.relogo.UserObserver.go(UserObserver.groovy:30)
	... 10 more
FATAL [Thread-6] 2018-02-26 01:19:04,716 repast.simphony.ui.GUIScheduleRunner - RunTimeException when running the schedule
Current tick (1.0)
java.lang.RuntimeException: java.lang.reflect.InvocationTargetException
	at repast.simphony.engine.schedule.DynamicTargetAction.execute(DynamicTargetAction.java:72)
	at repast.simphony.engine.controller.ScheduledMethodControllerAction$ScheduleMethodAllAction.execute(ScheduledMethodControllerAction.java:333)
	at repast.simphony.engine.schedule.DefaultAction.execute(DefaultAction.java:38)
	at repast.simphony.engine.schedule.ScheduleGroup.executeList(ScheduleGroup.java:205)
	at repast.simphony.engine.schedule.ScheduleGroup.execute(ScheduleGroup.java:231)
	at repast.simphony.engine.schedule.Schedule.execute(Schedule.java:352)
	at repast.simphony.ui.GUIScheduleRunner$ScheduleLoopRunnable.run(GUIScheduleRunner.java:52)
	at java.lang.Thread.run(Thread.java:748)
Caused by: java.lang.reflect.InvocationTargetException
	at aedes.relogo.UserObserver$$FastClassByCGLIB$$b4f8c4f1.invoke(<generated>)
	at net.sf.cglib.reflect.FastMethod.invoke(FastMethod.java:53)
	at repast.simphony.engine.schedule.DynamicTargetAction.execute(DynamicTargetAction.java:69)
	... 7 more
Caused by: groovy.lang.MissingMethodException: No signature of method: aedes.relogo.UserObserver.Mosquito() is applicable for argument types: () values: []
Possible solutions: mosquito(java.lang.Number), mosquitos(), isMosquitoQ(java.lang.Object), mosquitosOn(java.util.Collection), mosquitosOn(repast.simphony.relogo.Patch), mosquitosOn(repast.simphony.relogo.Turtle)
	at org.codehaus.groovy.runtime.ScriptBytecodeAdapter.unwrap(ScriptBytecodeAdapter.java:58)
	at org.codehaus.groovy.vmplugin.v7.IndyGuardsFiltersAndSignatures.unwrap(IndyGuardsFiltersAndSignatures.java:177)
	at org.codehaus.groovy.vmplugin.v7.IndyInterface.selectMethod(IndyInterface.java:232)
	at aedes.relogo.UserObserver.go(UserObserver.groovy:30)
	... 10 more
FATAL [Thread-6] 2018-02-26 01:24:18,949 repast.simphony.ui.GUIScheduleRunner - RunTimeException when running the schedule
Current tick (1.0)
java.lang.RuntimeException: java.lang.reflect.InvocationTargetException
	at repast.simphony.engine.schedule.DynamicTargetAction.execute(DynamicTargetAction.java:72)
	at repast.simphony.engine.controller.ScheduledMethodControllerAction$ScheduleMethodAllAction.execute(ScheduledMethodControllerAction.java:333)
	at repast.simphony.engine.schedule.DefaultAction.execute(DefaultAction.java:38)
	at repast.simphony.engine.schedule.ScheduleGroup.executeList(ScheduleGroup.java:205)
	at repast.simphony.engine.schedule.ScheduleGroup.execute(ScheduleGroup.java:231)
	at repast.simphony.engine.schedule.Schedule.execute(Schedule.java:352)
	at repast.simphony.ui.GUIScheduleRunner$ScheduleLoopRunnable.run(GUIScheduleRunner.java:52)
	at java.lang.Thread.run(Thread.java:748)
Caused by: java.lang.reflect.InvocationTargetException
	at aedes.relogo.UserObserver$$FastClassByCGLIB$$b4f8c4f1.invoke(<generated>)
	at net.sf.cglib.reflect.FastMethod.invoke(FastMethod.java:53)
	at repast.simphony.engine.schedule.DynamicTargetAction.execute(DynamicTargetAction.java:69)
	... 7 more
Caused by: groovy.lang.MissingMethodException: No signature of method: aedes.relogo.UserObserver.ask() is applicable for argument types: (Class, aedes.relogo.UserObserver$_go_closure3) values: [class aedes.relogo.Mosquito, aedes.relogo.UserObserver$_go_closure3@2a773e56]
Possible solutions: ask(java.util.Collection, groovy.lang.Closure), ask(repast.simphony.relogo.AgentSet, groovy.lang.Closure), ask(repast.simphony.relogo.Link, groovy.lang.Closure), ask(repast.simphony.relogo.Patch, groovy.lang.Closure), ask(repast.simphony.relogo.Turtle, groovy.lang.Closure), any()
	at org.codehaus.groovy.runtime.ScriptBytecodeAdapter.unwrap(ScriptBytecodeAdapter.java:58)
	at org.codehaus.groovy.vmplugin.v7.IndyGuardsFiltersAndSignatures.unwrap(IndyGuardsFiltersAndSignatures.java:177)
	at org.codehaus.groovy.vmplugin.v7.IndyInterface.selectMethod(IndyInterface.java:232)
	at aedes.relogo.UserObserver.go(UserObserver.groovy:30)
	... 10 more
FATAL [Thread-6] 2018-02-26 01:31:08,470 repast.simphony.ui.GUIScheduleRunner - RunTimeException when running the schedule
Current tick (1.0)
java.lang.RuntimeException: java.lang.reflect.InvocationTargetException
	at repast.simphony.engine.schedule.DynamicTargetAction.execute(DynamicTargetAction.java:72)
	at repast.simphony.engine.controller.ScheduledMethodControllerAction$ScheduleMethodAllAction.execute(ScheduledMethodControllerAction.java:333)
	at repast.simphony.engine.schedule.DefaultAction.execute(DefaultAction.java:38)
	at repast.simphony.engine.schedule.ScheduleGroup.executeList(ScheduleGroup.java:205)
	at repast.simphony.engine.schedule.ScheduleGroup.execute(ScheduleGroup.java:231)
	at repast.simphony.engine.schedule.Schedule.execute(Schedule.java:352)
	at repast.simphony.ui.GUIScheduleRunner$ScheduleLoopRunnable.run(GUIScheduleRunner.java:52)
	at java.lang.Thread.run(Thread.java:748)
Caused by: java.lang.reflect.InvocationTargetException
	at aedes.relogo.UserObserver$$FastClassByCGLIB$$b4f8c4f1.invoke(<generated>)
	at net.sf.cglib.reflect.FastMethod.invoke(FastMethod.java:53)
	at repast.simphony.engine.schedule.DynamicTargetAction.execute(DynamicTargetAction.java:69)
	... 7 more
Caused by: groovy.lang.MissingMethodException: No signature of method: aedes.relogo.UserObserver.Mosquitos() is applicable for argument types: () values: []
Possible solutions: mosquitos(), mosquito(java.lang.Number), mosquitosOn(java.util.Collection), mosquitosOn(repast.simphony.relogo.Patch), mosquitosOn(repast.simphony.relogo.Turtle), isMosquitoQ(java.lang.Object)
	at org.codehaus.groovy.runtime.ScriptBytecodeAdapter.unwrap(ScriptBytecodeAdapter.java:58)
	at org.codehaus.groovy.vmplugin.v7.IndyGuardsFiltersAndSignatures.unwrap(IndyGuardsFiltersAndSignatures.java:177)
	at org.codehaus.groovy.vmplugin.v7.IndyInterface.selectMethod(IndyInterface.java:232)
	at aedes.relogo.UserObserver.go(UserObserver.groovy:37)
	... 10 more
FATAL [Thread-6] 2018-02-26 02:10:31,885 repast.simphony.ui.GUIScheduleRunner - RunTimeException when running the schedule
Current tick (1.0)
java.lang.RuntimeException: java.lang.reflect.InvocationTargetException
	at repast.simphony.engine.schedule.DynamicTargetAction.execute(DynamicTargetAction.java:72)
	at repast.simphony.engine.controller.ScheduledMethodControllerAction$ScheduleMethodAllAction.execute(ScheduledMethodControllerAction.java:333)
	at repast.simphony.engine.schedule.DefaultAction.execute(DefaultAction.java:38)
	at repast.simphony.engine.schedule.ScheduleGroup.executeList(ScheduleGroup.java:205)
	at repast.simphony.engine.schedule.ScheduleGroup.execute(ScheduleGroup.java:231)
	at repast.simphony.engine.schedule.Schedule.execute(Schedule.java:352)
	at repast.simphony.ui.GUIScheduleRunner$ScheduleLoopRunnable.run(GUIScheduleRunner.java:52)
	at java.lang.Thread.run(Thread.java:748)
Caused by: java.lang.reflect.InvocationTargetException
	at aedes.relogo.UserObserver$$FastClassByCGLIB$$b4f8c4f1.invoke(<generated>)
	at net.sf.cglib.reflect.FastMethod.invoke(FastMethod.java:53)
	at repast.simphony.engine.schedule.DynamicTargetAction.execute(DynamicTargetAction.java:69)
	... 7 more
Caused by: org.codehaus.groovy.runtime.metaclass.MethodSelectionException: Could not find which method ask() to invoke from this list:
  public abstract void repast.simphony.relogo.Observer#ask(java.util.Collection, groovy.lang.Closure)
  public abstract void repast.simphony.relogo.Observer#ask(repast.simphony.relogo.AgentSet, groovy.lang.Closure)
  public abstract void repast.simphony.relogo.Observer#ask(repast.simphony.relogo.Link, groovy.lang.Closure)
  public abstract void repast.simphony.relogo.Observer#ask(repast.simphony.relogo.Patch, groovy.lang.Closure)
  public abstract void repast.simphony.relogo.Observer#ask(repast.simphony.relogo.Turtle, groovy.lang.Closure)
	at groovy.lang.MetaClassImpl.chooseMethodInternal(MetaClassImpl.java:3233)
	at groovy.lang.MetaClassImpl.chooseMethod(MetaClassImpl.java:3170)
	at groovy.lang.MetaClassImpl.getNormalMethodWithCaching(MetaClassImpl.java:1386)
	at groovy.lang.MetaClassImpl.getMethodWithCaching(MetaClassImpl.java:1301)
	at org.codehaus.groovy.vmplugin.v7.Selector$MethodSelector.chooseMeta(Selector.java:560)
	at org.codehaus.groovy.vmplugin.v7.Selector$MethodSelector.setCallSiteTarget(Selector.java:957)
	at org.codehaus.groovy.vmplugin.v7.IndyInterface.selectMethod(IndyInterface.java:228)
	at aedes.relogo.UserObserver.go(UserObserver.groovy:37)
	... 10 more
FATAL [Thread-6] 2018-02-26 02:11:44,481 repast.simphony.ui.GUIScheduleRunner - RunTimeException when running the schedule
Current tick (1.0)
java.lang.RuntimeException: java.lang.reflect.InvocationTargetException
	at repast.simphony.engine.schedule.DynamicTargetAction.execute(DynamicTargetAction.java:72)
	at repast.simphony.engine.controller.ScheduledMethodControllerAction$ScheduleMethodAllAction.execute(ScheduledMethodControllerAction.java:333)
	at repast.simphony.engine.schedule.DefaultAction.execute(DefaultAction.java:38)
	at repast.simphony.engine.schedule.ScheduleGroup.executeList(ScheduleGroup.java:205)
	at repast.simphony.engine.schedule.ScheduleGroup.execute(ScheduleGroup.java:231)
	at repast.simphony.engine.schedule.Schedule.execute(Schedule.java:352)
	at repast.simphony.ui.GUIScheduleRunner$ScheduleLoopRunnable.run(GUIScheduleRunner.java:52)
	at java.lang.Thread.run(Thread.java:748)
Caused by: java.lang.reflect.InvocationTargetException
	at aedes.relogo.UserObserver$$FastClassByCGLIB$$b4f8c4f1.invoke(<generated>)
	at net.sf.cglib.reflect.FastMethod.invoke(FastMethod.java:53)
	at repast.simphony.engine.schedule.DynamicTargetAction.execute(DynamicTargetAction.java:69)
	... 7 more
Caused by: org.codehaus.groovy.runtime.metaclass.MethodSelectionException: Could not find which method ask() to invoke from this list:
  public abstract void repast.simphony.relogo.Observer#ask(java.util.Collection, groovy.lang.Closure)
  public abstract void repast.simphony.relogo.Observer#ask(repast.simphony.relogo.AgentSet, groovy.lang.Closure)
  public abstract void repast.simphony.relogo.Observer#ask(repast.simphony.relogo.Link, groovy.lang.Closure)
  public abstract void repast.simphony.relogo.Observer#ask(repast.simphony.relogo.Patch, groovy.lang.Closure)
  public abstract void repast.simphony.relogo.Observer#ask(repast.simphony.relogo.Turtle, groovy.lang.Closure)
	at groovy.lang.MetaClassImpl.chooseMethodInternal(MetaClassImpl.java:3233)
	at groovy.lang.MetaClassImpl.chooseMethod(MetaClassImpl.java:3170)
	at groovy.lang.MetaClassImpl.getNormalMethodWithCaching(MetaClassImpl.java:1386)
	at groovy.lang.MetaClassImpl.getMethodWithCaching(MetaClassImpl.java:1301)
	at org.codehaus.groovy.vmplugin.v7.Selector$MethodSelector.chooseMeta(Selector.java:560)
	at org.codehaus.groovy.vmplugin.v7.Selector$MethodSelector.setCallSiteTarget(Selector.java:957)
	at org.codehaus.groovy.vmplugin.v7.IndyInterface.selectMethod(IndyInterface.java:228)
	at aedes.relogo.UserObserver.go(UserObserver.groovy:35)
	... 10 more
FATAL [AWT-EventQueue-0] 2018-03-05 19:26:21,328 repast.simphony.ui.RSUIPlugin - Fatal error starting Repast
java.lang.NoClassDefFoundError: aedes/relogo/UserLink
	at java.lang.Class.getDeclaredMethods0(Native Method)
	at java.lang.Class.privateGetDeclaredMethods(Class.java:2701)
	at java.lang.Class.privateGetPublicMethods(Class.java:2902)
	at java.lang.Class.getMethods(Class.java:1615)
	at repast.simphony.engine.watcher.WatchAnnotationReader.findWatchAnnotation(WatchAnnotationReader.java:42)
	at repast.simphony.engine.watcher.WatchAnnotationReader.processClass(WatchAnnotationReader.java:30)
	at repast.simphony.engine.watcher.WatchAnnotationReader.processClasses(WatchAnnotationReader.java:36)
	at repast.simphony.scenario.ScenarioLoader.load(ScenarioLoader.java:149)
	at repast.simphony.ui.RSApplication.open(RSApplication.java:359)
	at repast.simphony.ui.RSAppConfigurator.postWindowOpen(RSAppConfigurator.java:39)
	at saf.core.ui.GUICreatorDelegate.runDisplay(GUICreatorDelegate.java:188)
	at saf.core.ui.GUICreator$1.run(GUICreator.java:18)
	at simphony.util.ThreadUtilities$Runner.run(ThreadUtilities.java:33)
	at simphony.util.ThreadUtilities.runInEventThread(ThreadUtilities.java:47)
	at saf.core.ui.GUICreator.runDisplay(GUICreator.java:16)
	at repast.simphony.ui.RSUIPlugin$1.run(RSUIPlugin.java:104)
	at java.awt.event.InvocationEvent.dispatch(InvocationEvent.java:311)
	at java.awt.EventQueue.dispatchEventImpl(EventQueue.java:756)
	at java.awt.EventQueue.access$500(EventQueue.java:97)
	at java.awt.EventQueue$3.run(EventQueue.java:709)
	at java.awt.EventQueue$3.run(EventQueue.java:703)
	at java.security.AccessController.doPrivileged(Native Method)
	at java.security.ProtectionDomain$JavaSecurityAccessImpl.doIntersectionPrivilege(ProtectionDomain.java:80)
	at java.awt.EventQueue.dispatchEvent(EventQueue.java:726)
	at java.awt.EventDispatchThread.pumpOneEventForFilters(EventDispatchThread.java:201)
	at java.awt.EventDispatchThread.pumpEventsForFilter(EventDispatchThread.java:116)
	at java.awt.EventDispatchThread.pumpEventsForHierarchy(EventDispatchThread.java:105)
	at java.awt.EventDispatchThread.pumpEvents(EventDispatchThread.java:101)
	at java.awt.EventDispatchThread.pumpEvents(EventDispatchThread.java:93)
	at java.awt.EventDispatchThread.run(EventDispatchThread.java:82)
Caused by: java.lang.ClassNotFoundException: aedes.relogo.UserLink
	at org.java.plugin.standard.StandardPluginClassLoader.loadClass(Unknown Source)
	at java.lang.ClassLoader.loadClass(ClassLoader.java:357)
	... 30 more
FATAL [Thread-6] 2018-03-19 00:41:47,751 repast.simphony.ui.GUIScheduleRunner - RunTimeException when running the schedule
Current tick (0.0)
java.lang.RuntimeException: java.lang.reflect.InvocationTargetException
	at repast.simphony.engine.schedule.DynamicTargetAction.execute(DynamicTargetAction.java:72)
	at repast.simphony.engine.controller.ScheduledMethodControllerAction$ScheduleMethodAllAction.execute(ScheduledMethodControllerAction.java:333)
	at repast.simphony.engine.schedule.DefaultAction.execute(DefaultAction.java:38)
	at repast.simphony.engine.schedule.ScheduleGroup.executeList(ScheduleGroup.java:205)
	at repast.simphony.engine.schedule.ScheduleGroup.execute(ScheduleGroup.java:231)
	at repast.simphony.engine.schedule.Schedule.execute(Schedule.java:352)
	at repast.simphony.ui.GUIScheduleRunner$ScheduleLoopRunnable.run(GUIScheduleRunner.java:52)
	at java.lang.Thread.run(Thread.java:748)
Caused by: java.lang.reflect.InvocationTargetException
	at aedes.relogo.UserObserver$$FastClassByCGLIB$$b4f8c4f1.invoke(<generated>)
	at net.sf.cglib.reflect.FastMethod.invoke(FastMethod.java:53)
	at repast.simphony.engine.schedule.DynamicTargetAction.execute(DynamicTargetAction.java:69)
	... 7 more
Caused by: java.lang.NullPointerException
	at aedes.ReLogoTurtle.houses(ReLogoTurtle.java:588)
	at org.codehaus.groovy.vmplugin.v7.IndyInterface.selectMethod(IndyInterface.java:232)
	at aedes.relogo.Mosquito.<init>(Mosquito.groovy:16)
	at sun.reflect.NativeConstructorAccessorImpl.newInstance0(Native Method)
	at sun.reflect.NativeConstructorAccessorImpl.newInstance(NativeConstructorAccessorImpl.java:62)
	at sun.reflect.DelegatingConstructorAccessorImpl.newInstance(DelegatingConstructorAccessorImpl.java:45)
	at java.lang.reflect.Constructor.newInstance(Constructor.java:423)
	at java.lang.Class.newInstance(Class.java:442)
	at repast.simphony.relogo.factories.TurtleFactory.createTurtle(TurtleFactory.java:156)
	at repast.simphony.relogo.factories.TurtleFactory.createTurtle(TurtleFactory.java:121)
	at repast.simphony.relogo.AbstractObserver.crt(AbstractObserver.java:425)
	at aedes.ReLogoObserver.createMosquitos(ReLogoObserver.java:591)
	at org.codehaus.groovy.vmplugin.v7.IndyInterface.selectMethod(IndyInterface.java:232)
	at aedes.relogo.UserObserver.setup(UserObserver.groovy:28)
	... 10 more
FATAL [Thread-7] 2018-03-19 00:41:58,661 repast.simphony.ui.GUIScheduleRunner - RunTimeException when running the schedule
Current tick (0.0)
java.lang.RuntimeException: java.lang.reflect.InvocationTargetException
	at repast.simphony.engine.schedule.DynamicTargetAction.execute(DynamicTargetAction.java:72)
	at repast.simphony.engine.controller.ScheduledMethodControllerAction$ScheduleMethodAllAction.execute(ScheduledMethodControllerAction.java:333)
	at repast.simphony.engine.schedule.DefaultAction.execute(DefaultAction.java:38)
	at repast.simphony.engine.schedule.ScheduleGroup.executeList(ScheduleGroup.java:205)
	at repast.simphony.engine.schedule.ScheduleGroup.execute(ScheduleGroup.java:231)
	at repast.simphony.engine.schedule.Schedule.execute(Schedule.java:352)
	at repast.simphony.ui.GUIScheduleRunner$ScheduleLoopRunnable.run(GUIScheduleRunner.java:52)
	at java.lang.Thread.run(Thread.java:748)
Caused by: java.lang.reflect.InvocationTargetException
	at aedes.relogo.UserObserver$$FastClassByCGLIB$$b4f8c4f1.invoke(<generated>)
	at net.sf.cglib.reflect.FastMethod.invoke(FastMethod.java:53)
	at repast.simphony.engine.schedule.DynamicTargetAction.execute(DynamicTargetAction.java:69)
	... 7 more
Caused by: java.lang.NullPointerException
	at aedes.ReLogoTurtle.houses(ReLogoTurtle.java:588)
	at aedes.relogo.Mosquito.<init>(Mosquito.groovy:16)
	at sun.reflect.NativeConstructorAccessorImpl.newInstance0(Native Method)
	at sun.reflect.NativeConstructorAccessorImpl.newInstance(NativeConstructorAccessorImpl.java:62)
	at sun.reflect.DelegatingConstructorAccessorImpl.newInstance(DelegatingConstructorAccessorImpl.java:45)
	at java.lang.reflect.Constructor.newInstance(Constructor.java:423)
	at java.lang.Class.newInstance(Class.java:442)
	at repast.simphony.relogo.factories.TurtleFactory.createTurtle(TurtleFactory.java:156)
	at repast.simphony.relogo.factories.TurtleFactory.createTurtle(TurtleFactory.java:121)
	at repast.simphony.relogo.AbstractObserver.crt(AbstractObserver.java:425)
	at aedes.ReLogoObserver.createMosquitos(ReLogoObserver.java:591)
	at aedes.relogo.UserObserver.setup(UserObserver.groovy:28)
	... 10 more
FATAL [Thread-6] 2018-03-19 01:25:24,689 repast.simphony.ui.GUIScheduleRunner - RunTimeException when running the schedule
Current tick (0.0)
java.lang.RuntimeException: java.lang.reflect.InvocationTargetException
	at repast.simphony.engine.schedule.DynamicTargetAction.execute(DynamicTargetAction.java:72)
	at repast.simphony.engine.controller.ScheduledMethodControllerAction$ScheduleMethodAllAction.execute(ScheduledMethodControllerAction.java:333)
	at repast.simphony.engine.schedule.DefaultAction.execute(DefaultAction.java:38)
	at repast.simphony.engine.schedule.ScheduleGroup.executeList(ScheduleGroup.java:205)
	at repast.simphony.engine.schedule.ScheduleGroup.execute(ScheduleGroup.java:231)
	at repast.simphony.engine.schedule.Schedule.execute(Schedule.java:352)
	at repast.simphony.ui.GUIScheduleRunner$ScheduleLoopRunnable.run(GUIScheduleRunner.java:52)
	at java.lang.Thread.run(Thread.java:748)
Caused by: java.lang.reflect.InvocationTargetException
	at aedes.relogo.UserObserver$$FastClassByCGLIB$$b4f8c4f1.invoke(<generated>)
	at net.sf.cglib.reflect.FastMethod.invoke(FastMethod.java:53)
	at repast.simphony.engine.schedule.DynamicTargetAction.execute(DynamicTargetAction.java:69)
	... 7 more
Caused by: java.lang.NullPointerException
	at aedes.ReLogoTurtle.houses(ReLogoTurtle.java:588)
	at org.codehaus.groovy.vmplugin.v7.IndyInterface.selectMethod(IndyInterface.java:232)
	at aedes.relogo.Mosquito.<init>(Mosquito.groovy:16)
	at sun.reflect.NativeConstructorAccessorImpl.newInstance0(Native Method)
	at sun.reflect.NativeConstructorAccessorImpl.newInstance(NativeConstructorAccessorImpl.java:62)
	at sun.reflect.DelegatingConstructorAccessorImpl.newInstance(DelegatingConstructorAccessorImpl.java:45)
	at java.lang.reflect.Constructor.newInstance(Constructor.java:423)
	at java.lang.Class.newInstance(Class.java:442)
	at repast.simphony.relogo.factories.TurtleFactory.createTurtle(TurtleFactory.java:156)
	at repast.simphony.relogo.factories.TurtleFactory.createTurtle(TurtleFactory.java:121)
	at repast.simphony.relogo.AbstractObserver.crt(AbstractObserver.java:425)
	at aedes.ReLogoObserver.createMosquitos(ReLogoObserver.java:591)
	at org.codehaus.groovy.vmplugin.v7.IndyInterface.selectMethod(IndyInterface.java:232)
	at aedes.relogo.UserObserver.setup(UserObserver.groovy:28)
	... 10 more
FATAL [Thread-7] 2018-03-19 01:25:31,280 repast.simphony.ui.GUIScheduleRunner - RunTimeException when running the schedule
Current tick (0.0)
java.lang.RuntimeException: java.lang.reflect.InvocationTargetException
	at repast.simphony.engine.schedule.DynamicTargetAction.execute(DynamicTargetAction.java:72)
	at repast.simphony.engine.controller.ScheduledMethodControllerAction$ScheduleMethodAllAction.execute(ScheduledMethodControllerAction.java:333)
	at repast.simphony.engine.schedule.DefaultAction.execute(DefaultAction.java:38)
	at repast.simphony.engine.schedule.ScheduleGroup.executeList(ScheduleGroup.java:205)
	at repast.simphony.engine.schedule.ScheduleGroup.execute(ScheduleGroup.java:231)
	at repast.simphony.engine.schedule.Schedule.execute(Schedule.java:352)
	at repast.simphony.ui.GUIScheduleRunner$ScheduleLoopRunnable.run(GUIScheduleRunner.java:52)
	at java.lang.Thread.run(Thread.java:748)
Caused by: java.lang.reflect.InvocationTargetException
	at aedes.relogo.UserObserver$$FastClassByCGLIB$$b4f8c4f1.invoke(<generated>)
	at net.sf.cglib.reflect.FastMethod.invoke(FastMethod.java:53)
	at repast.simphony.engine.schedule.DynamicTargetAction.execute(DynamicTargetAction.java:69)
	... 7 more
Caused by: java.lang.NullPointerException
	at aedes.ReLogoTurtle.houses(ReLogoTurtle.java:588)
	at aedes.relogo.Mosquito.<init>(Mosquito.groovy:16)
	at sun.reflect.NativeConstructorAccessorImpl.newInstance0(Native Method)
	at sun.reflect.NativeConstructorAccessorImpl.newInstance(NativeConstructorAccessorImpl.java:62)
	at sun.reflect.DelegatingConstructorAccessorImpl.newInstance(DelegatingConstructorAccessorImpl.java:45)
	at java.lang.reflect.Constructor.newInstance(Constructor.java:423)
	at java.lang.Class.newInstance(Class.java:442)
	at repast.simphony.relogo.factories.TurtleFactory.createTurtle(TurtleFactory.java:156)
	at repast.simphony.relogo.factories.TurtleFactory.createTurtle(TurtleFactory.java:121)
	at repast.simphony.relogo.AbstractObserver.crt(AbstractObserver.java:425)
	at aedes.ReLogoObserver.createMosquitos(ReLogoObserver.java:591)
	at aedes.relogo.UserObserver.setup(UserObserver.groovy:28)
	... 10 more
FATAL [Thread-6] 2018-03-19 01:29:20,200 repast.simphony.ui.GUIScheduleRunner - RunTimeException when running the schedule
Current tick (0.0)
java.lang.RuntimeException: java.lang.reflect.InvocationTargetException
	at repast.simphony.engine.schedule.DynamicTargetAction.execute(DynamicTargetAction.java:72)
	at repast.simphony.engine.controller.ScheduledMethodControllerAction$ScheduleMethodAllAction.execute(ScheduledMethodControllerAction.java:333)
	at repast.simphony.engine.schedule.DefaultAction.execute(DefaultAction.java:38)
	at repast.simphony.engine.schedule.ScheduleGroup.executeList(ScheduleGroup.java:205)
	at repast.simphony.engine.schedule.ScheduleGroup.execute(ScheduleGroup.java:231)
	at repast.simphony.engine.schedule.Schedule.execute(Schedule.java:352)
	at repast.simphony.ui.GUIScheduleRunner$ScheduleLoopRunnable.run(GUIScheduleRunner.java:52)
	at java.lang.Thread.run(Thread.java:748)
Caused by: java.lang.reflect.InvocationTargetException
	at aedes.relogo.UserObserver$$FastClassByCGLIB$$b4f8c4f1.invoke(<generated>)
	at net.sf.cglib.reflect.FastMethod.invoke(FastMethod.java:53)
	at repast.simphony.engine.schedule.DynamicTargetAction.execute(DynamicTargetAction.java:69)
	... 7 more
Caused by: java.lang.NullPointerException
	at aedes.ReLogoTurtle.housesHere(ReLogoTurtle.java:458)
	at org.codehaus.groovy.vmplugin.v7.IndyInterface.selectMethod(IndyInterface.java:232)
	at aedes.relogo.Mosquito.<init>(Mosquito.groovy:16)
	at sun.reflect.NativeConstructorAccessorImpl.newInstance0(Native Method)
	at sun.reflect.NativeConstructorAccessorImpl.newInstance(NativeConstructorAccessorImpl.java:62)
	at sun.reflect.DelegatingConstructorAccessorImpl.newInstance(DelegatingConstructorAccessorImpl.java:45)
	at java.lang.reflect.Constructor.newInstance(Constructor.java:423)
	at java.lang.Class.newInstance(Class.java:442)
	at repast.simphony.relogo.factories.TurtleFactory.createTurtle(TurtleFactory.java:156)
	at repast.simphony.relogo.factories.TurtleFactory.createTurtle(TurtleFactory.java:121)
	at repast.simphony.relogo.AbstractObserver.crt(AbstractObserver.java:425)
	at aedes.ReLogoObserver.createMosquitos(ReLogoObserver.java:591)
	at org.codehaus.groovy.vmplugin.v7.IndyInterface.selectMethod(IndyInterface.java:232)
	at aedes.relogo.UserObserver.setup(UserObserver.groovy:28)
	... 10 more
FATAL [Thread-6] 2018-03-19 01:30:57,855 repast.simphony.ui.GUIScheduleRunner - RunTimeException when running the schedule
Current tick (0.0)
java.lang.RuntimeException: java.lang.reflect.InvocationTargetException
	at repast.simphony.engine.schedule.DynamicTargetAction.execute(DynamicTargetAction.java:72)
	at repast.simphony.engine.controller.ScheduledMethodControllerAction$ScheduleMethodAllAction.execute(ScheduledMethodControllerAction.java:333)
	at repast.simphony.engine.schedule.DefaultAction.execute(DefaultAction.java:38)
	at repast.simphony.engine.schedule.ScheduleGroup.executeList(ScheduleGroup.java:205)
	at repast.simphony.engine.schedule.ScheduleGroup.execute(ScheduleGroup.java:231)
	at repast.simphony.engine.schedule.Schedule.execute(Schedule.java:352)
	at repast.simphony.ui.GUIScheduleRunner$ScheduleLoopRunnable.run(GUIScheduleRunner.java:52)
	at java.lang.Thread.run(Thread.java:748)
Caused by: java.lang.reflect.InvocationTargetException
	at aedes.relogo.UserObserver$$FastClassByCGLIB$$b4f8c4f1.invoke(<generated>)
	at net.sf.cglib.reflect.FastMethod.invoke(FastMethod.java:53)
	at repast.simphony.engine.schedule.DynamicTargetAction.execute(DynamicTargetAction.java:69)
	... 7 more
Caused by: java.lang.NullPointerException
	at aedes.ReLogoTurtle.housesHere(ReLogoTurtle.java:458)
	at org.codehaus.groovy.vmplugin.v7.IndyInterface.selectMethod(IndyInterface.java:232)
	at aedes.relogo.Mosquito.<init>(Mosquito.groovy:16)
	at sun.reflect.NativeConstructorAccessorImpl.newInstance0(Native Method)
	at sun.reflect.NativeConstructorAccessorImpl.newInstance(NativeConstructorAccessorImpl.java:62)
	at sun.reflect.DelegatingConstructorAccessorImpl.newInstance(DelegatingConstructorAccessorImpl.java:45)
	at java.lang.reflect.Constructor.newInstance(Constructor.java:423)
	at java.lang.Class.newInstance(Class.java:442)
	at repast.simphony.relogo.factories.TurtleFactory.createTurtle(TurtleFactory.java:156)
	at repast.simphony.relogo.factories.TurtleFactory.createTurtle(TurtleFactory.java:121)
	at repast.simphony.relogo.AbstractObserver.crt(AbstractObserver.java:425)
	at aedes.ReLogoObserver.createMosquitos(ReLogoObserver.java:591)
	at org.codehaus.groovy.vmplugin.v7.IndyInterface.selectMethod(IndyInterface.java:232)
	at aedes.relogo.UserObserver.setup(UserObserver.groovy:28)
	... 10 more
FATAL [Thread-6] 2018-03-19 01:40:26,737 repast.simphony.ui.GUIScheduleRunner - RunTimeException when running the schedule
Current tick (0.0)
java.lang.RuntimeException: java.lang.reflect.InvocationTargetException
	at repast.simphony.engine.schedule.DynamicTargetAction.execute(DynamicTargetAction.java:72)
	at repast.simphony.engine.controller.ScheduledMethodControllerAction$ScheduleMethodAllAction.execute(ScheduledMethodControllerAction.java:333)
	at repast.simphony.engine.schedule.DefaultAction.execute(DefaultAction.java:38)
	at repast.simphony.engine.schedule.ScheduleGroup.executeList(ScheduleGroup.java:205)
	at repast.simphony.engine.schedule.ScheduleGroup.execute(ScheduleGroup.java:231)
	at repast.simphony.engine.schedule.Schedule.execute(Schedule.java:352)
	at repast.simphony.ui.GUIScheduleRunner$ScheduleLoopRunnable.run(GUIScheduleRunner.java:52)
	at java.lang.Thread.run(Thread.java:748)
Caused by: java.lang.reflect.InvocationTargetException
	at aedes.relogo.UserObserver$$FastClassByCGLIB$$b4f8c4f1.invoke(<generated>)
	at net.sf.cglib.reflect.FastMethod.invoke(FastMethod.java:53)
	at repast.simphony.engine.schedule.DynamicTargetAction.execute(DynamicTargetAction.java:69)
	... 7 more
Caused by: java.lang.NullPointerException
	at aedes.ReLogoTurtle.housesHere(ReLogoTurtle.java:458)
	at org.codehaus.groovy.vmplugin.v7.IndyInterface.selectMethod(IndyInterface.java:232)
	at aedes.relogo.Mosquito.<init>(Mosquito.groovy:16)
	at sun.reflect.NativeConstructorAccessorImpl.newInstance0(Native Method)
	at sun.reflect.NativeConstructorAccessorImpl.newInstance(NativeConstructorAccessorImpl.java:62)
	at sun.reflect.DelegatingConstructorAccessorImpl.newInstance(DelegatingConstructorAccessorImpl.java:45)
	at java.lang.reflect.Constructor.newInstance(Constructor.java:423)
	at java.lang.Class.newInstance(Class.java:442)
	at repast.simphony.relogo.factories.TurtleFactory.createTurtle(TurtleFactory.java:156)
	at repast.simphony.relogo.factories.TurtleFactory.createTurtle(TurtleFactory.java:121)
	at repast.simphony.relogo.AbstractObserver.crt(AbstractObserver.java:425)
	at aedes.ReLogoObserver.createMosquitos(ReLogoObserver.java:591)
	at org.codehaus.groovy.vmplugin.v7.IndyInterface.selectMethod(IndyInterface.java:232)
	at aedes.relogo.UserObserver.setup(UserObserver.groovy:28)
	... 10 more
FATAL [Thread-6] 2018-03-19 02:08:07,825 repast.simphony.ui.GUIScheduleRunner - RunTimeException when running the schedule
Current tick (1.0)
java.lang.RuntimeException: java.lang.reflect.InvocationTargetException
	at repast.simphony.engine.schedule.DynamicTargetAction.execute(DynamicTargetAction.java:72)
	at repast.simphony.engine.controller.ScheduledMethodControllerAction$ScheduleMethodAllAction.execute(ScheduledMethodControllerAction.java:333)
	at repast.simphony.engine.schedule.DefaultAction.execute(DefaultAction.java:38)
	at repast.simphony.engine.schedule.ScheduleGroup.executeList(ScheduleGroup.java:205)
	at repast.simphony.engine.schedule.ScheduleGroup.execute(ScheduleGroup.java:231)
	at repast.simphony.engine.schedule.Schedule.execute(Schedule.java:352)
	at repast.simphony.ui.GUIScheduleRunner$ScheduleLoopRunnable.run(GUIScheduleRunner.java:52)
	at java.lang.Thread.run(Thread.java:748)
Caused by: java.lang.reflect.InvocationTargetException
	at aedes.relogo.UserObserver$$FastClassByCGLIB$$b4f8c4f1.invoke(<generated>)
	at net.sf.cglib.reflect.FastMethod.invoke(FastMethod.java:53)
	at repast.simphony.engine.schedule.DynamicTargetAction.execute(DynamicTargetAction.java:69)
	... 7 more
Caused by: groovy.lang.MissingMethodException: No signature of method: aedes.relogo.UserObserver.housess() is applicable for argument types: () values: []
Possible solutions: houses(), house(java.lang.Number), housesOn(java.util.Collection), housesOn(repast.simphony.relogo.Patch), housesOn(repast.simphony.relogo.Turtle), use([Ljava.lang.Object;)
	at org.codehaus.groovy.runtime.ScriptBytecodeAdapter.unwrap(ScriptBytecodeAdapter.java:58)
	at org.codehaus.groovy.vmplugin.v7.IndyGuardsFiltersAndSignatures.unwrap(IndyGuardsFiltersAndSignatures.java:177)
	at org.codehaus.groovy.vmplugin.v7.IndyInterface.selectMethod(IndyInterface.java:232)
	at aedes.relogo.UserObserver.go(UserObserver.groovy:58)
	... 10 more
FATAL [Thread-6] 2018-03-19 02:10:41,512 repast.simphony.ui.GUIScheduleRunner - RunTimeException when running the schedule
Current tick (1.0)
java.lang.RuntimeException: java.lang.reflect.InvocationTargetException
	at repast.simphony.engine.schedule.DynamicTargetAction.execute(DynamicTargetAction.java:72)
	at repast.simphony.engine.controller.ScheduledMethodControllerAction$ScheduleMethodAllAction.execute(ScheduledMethodControllerAction.java:333)
	at repast.simphony.engine.schedule.DefaultAction.execute(DefaultAction.java:38)
	at repast.simphony.engine.schedule.ScheduleGroup.executeList(ScheduleGroup.java:205)
	at repast.simphony.engine.schedule.ScheduleGroup.execute(ScheduleGroup.java:231)
	at repast.simphony.engine.schedule.Schedule.execute(Schedule.java:352)
	at repast.simphony.ui.GUIScheduleRunner$ScheduleLoopRunnable.run(GUIScheduleRunner.java:52)
	at java.lang.Thread.run(Thread.java:748)
Caused by: java.lang.reflect.InvocationTargetException
	at aedes.relogo.UserObserver$$FastClassByCGLIB$$b4f8c4f1.invoke(<generated>)
	at net.sf.cglib.reflect.FastMethod.invoke(FastMethod.java:53)
	at repast.simphony.engine.schedule.DynamicTargetAction.execute(DynamicTargetAction.java:69)
	... 7 more
Caused by: groovy.lang.MissingMethodException: No signature of method: aedes.relogo.UserObserver.housess() is applicable for argument types: () values: []
Possible solutions: houses(), house(java.lang.Number), housesOn(java.util.Collection), housesOn(repast.simphony.relogo.Patch), housesOn(repast.simphony.relogo.Turtle), use([Ljava.lang.Object;)
	at org.codehaus.groovy.runtime.ScriptBytecodeAdapter.unwrap(ScriptBytecodeAdapter.java:58)
	at org.codehaus.groovy.vmplugin.v7.IndyGuardsFiltersAndSignatures.unwrap(IndyGuardsFiltersAndSignatures.java:177)
	at org.codehaus.groovy.vmplugin.v7.IndyInterface.selectMethod(IndyInterface.java:232)
	at aedes.relogo.UserObserver.go(UserObserver.groovy:58)
	... 10 more
INFO  [AWT-EventQueue-0] 2018-03-24 16:06:41,864 repast.simphony.batch.gui.BatchConfigMediator - Writing batch run config file to: /Users/alessandro/eclipse-workspace/aedes/output/config.props
INFO  [AWT-EventQueue-0] 2018-03-24 16:06:42,072 repast.simphony.batch.gui.BatchConfigMediator - Unrolling batch parameter file:
	/Users/alessandro/eclipse-workspace/aedes/batch/batch_params.xml to
	/var/folders/b1/dv64yjrs7nl_365pp_zx34580000gn/T/unrolledParamFile.txt
INFO  [SwingWorker-pool-2-thread-1] 2018-03-24 16:06:52,307 repast.simphony.batch.ssh.LocalSession - 
	Copying locally /var/folders/b1/dv64yjrs7nl_365pp_zx34580000gn/T/alessandro_localhost1671098454238347924.zip to 
/var/folders/b1/dv64yjrs7nl_365pp_zx34580000gn/T/simphony_model_1521918409226 ...
INFO  [SwingWorker-pool-2-thread-1] 2018-03-24 16:06:52,455 repast.simphony.batch.ssh.LocalSession - Copying Finished.
INFO  [SwingWorker-pool-2-thread-1] 2018-03-24 16:06:52,456 repast.simphony.batch.ssh.SessionsDriver - Initialization Time: 0,0538
INFO  [SwingWorker-pool-2-thread-1] 2018-03-24 16:06:52,456 repast.simphony.batch.ssh.LocalSession - Unzipping model /var/folders/b1/dv64yjrs7nl_365pp_zx34580000gn/T/simphony_model_1521918409226/alessandro_localhost1671098454238347924.zip
INFO  [SwingWorker-pool-2-thread-1] 2018-03-24 16:06:53,034 repast.simphony.batch.ssh.LocalSession - Running model on localhost ...
INFO  [Thread-7] 2018-03-24 16:07:12,781 repast.simphony.batch.ssh.LocalSession - ERROR [main] 16:07:12,777 repast.simphony.batch.InstanceRunner - Error while running model
INFO  [Thread-7] 2018-03-24 16:07:12,782 repast.simphony.batch.ssh.LocalSession - java.lang.ArrayIndexOutOfBoundsException: 1
INFO  [Thread-7] 2018-03-24 16:07:12,782 repast.simphony.batch.ssh.LocalSession - 	at repast.simphony.batch.parameter.ParameterLineParser.parse(ParameterLineParser.java:55)
INFO  [Thread-7] 2018-03-24 16:07:12,782 repast.simphony.batch.ssh.LocalSession - 	at repast.simphony.batch.InstanceRunner.run(InstanceRunner.java:193)
INFO  [Thread-7] 2018-03-24 16:07:12,783 repast.simphony.batch.ssh.LocalSession - 	at repast.simphony.batch.InstanceRunner.main(InstanceRunner.java:217)
INFO  [pool-3-thread-1] 2018-03-24 16:07:53,043 repast.simphony.batch.ssh.LocalDonePoller - Polled /var/folders/b1/dv64yjrs7nl_365pp_zx34580000gn/T/simphony_model_1521918409226 for DONE:  yes
INFO  [SwingWorker-pool-2-thread-1] 2018-03-24 16:07:53,045 repast.simphony.batch.ssh.SessionsDriver - Run Time: 1,0098
INFO  [SwingWorker-pool-2-thread-1] 2018-03-24 16:07:53,069 repast.simphony.batch.ssh.LocalSession - Finding output on localhost in /var/folders/b1/dv64yjrs7nl_365pp_zx34580000gn/T/simphony_model_1521918409226
INFO  [SwingWorker-pool-2-thread-1] 2018-03-24 16:07:53,088 repast.simphony.batch.ssh.SessionsDriver - Aggregating output into /Users/alessandro/eclipse-workspace/aedes/output
INFO  [SwingWorker-pool-2-thread-1] 2018-03-24 16:07:53,089 repast.simphony.batch.ssh.SessionsDriver - Get Output Time: 0,0007
INFO  [SwingWorker-pool-2-thread-1] 2018-03-24 16:07:53,089 repast.simphony.batch.ssh.SessionsDriver - Finished. Elapsed Time: 1,0645
FATAL [Thread-6] 2018-03-24 16:20:19,018 repast.simphony.ui.GUIScheduleRunner - RunTimeException when running the schedule
Current tick (1.0)
java.lang.RuntimeException: java.lang.reflect.InvocationTargetException
	at repast.simphony.engine.schedule.DynamicTargetAction.execute(DynamicTargetAction.java:72)
	at repast.simphony.engine.controller.ScheduledMethodControllerAction$ScheduleMethodAllAction.execute(ScheduledMethodControllerAction.java:333)
	at repast.simphony.engine.schedule.DefaultAction.execute(DefaultAction.java:38)
	at repast.simphony.engine.schedule.ScheduleGroup.executeList(ScheduleGroup.java:205)
	at repast.simphony.engine.schedule.ScheduleGroup.execute(ScheduleGroup.java:231)
	at repast.simphony.engine.schedule.Schedule.execute(Schedule.java:352)
	at repast.simphony.ui.GUIScheduleRunner$ScheduleLoopRunnable.run(GUIScheduleRunner.java:52)
	at java.lang.Thread.run(Thread.java:748)
Caused by: java.lang.reflect.InvocationTargetException
	at aedes.relogo.UserObserver$$FastClassByCGLIB$$b4f8c4f1.invoke(<generated>)
	at net.sf.cglib.reflect.FastMethod.invoke(FastMethod.java:53)
	at repast.simphony.engine.schedule.DynamicTargetAction.execute(DynamicTargetAction.java:69)
	... 7 more
Caused by: groovy.lang.MissingPropertyException: No such property: RunEnvironment for class: aedes.relogo.UserObserver
	at org.codehaus.groovy.runtime.ScriptBytecodeAdapter.unwrap(ScriptBytecodeAdapter.java:53)
	at org.codehaus.groovy.vmplugin.v7.IndyGuardsFiltersAndSignatures.unwrap(IndyGuardsFiltersAndSignatures.java:177)
	at org.codehaus.groovy.vmplugin.v7.IndyInterface.selectMethod(IndyInterface.java:232)
	at aedes.relogo.UserObserver.go(UserObserver.groovy:1712)
	... 10 more
INFO  [AWT-EventQueue-0] 2018-03-24 16:31:16,280 repast.simphony.batch.gui.BatchConfigMediator - Writing batch run config file to: /Users/alessandro/eclipse-workspace/aedes/output/config.props
INFO  [AWT-EventQueue-0] 2018-03-24 16:31:16,411 repast.simphony.batch.gui.BatchConfigMediator - Unrolling batch parameter file:
	/Users/alessandro/eclipse-workspace/aedes/batch/batch_params.xml to
	/var/folders/b1/dv64yjrs7nl_365pp_zx34580000gn/T/unrolledParamFile.txt
INFO  [SwingWorker-pool-1-thread-1] 2018-03-24 16:31:26,779 repast.simphony.batch.ssh.LocalSession - 
	Copying locally /var/folders/b1/dv64yjrs7nl_365pp_zx34580000gn/T/alessandro_localhost8822331825737906255.zip to 
/var/folders/b1/dv64yjrs7nl_365pp_zx34580000gn/T/simphony_model_1521919883577 ...
INFO  [SwingWorker-pool-1-thread-1] 2018-03-24 16:31:26,952 repast.simphony.batch.ssh.LocalSession - Copying Finished.
INFO  [SwingWorker-pool-1-thread-1] 2018-03-24 16:31:26,953 repast.simphony.batch.ssh.SessionsDriver - Initialization Time: 0,0562
INFO  [SwingWorker-pool-1-thread-1] 2018-03-24 16:31:26,954 repast.simphony.batch.ssh.LocalSession - Unzipping model /var/folders/b1/dv64yjrs7nl_365pp_zx34580000gn/T/simphony_model_1521919883577/alessandro_localhost8822331825737906255.zip
INFO  [SwingWorker-pool-1-thread-1] 2018-03-24 16:31:27,620 repast.simphony.batch.ssh.LocalSession - Running model on localhost ...
INFO  [Thread-4] 2018-03-24 16:31:51,506 repast.simphony.batch.ssh.LocalSession - ERROR [main] 16:31:51,502 repast.simphony.batch.InstanceRunner - Error while running model
INFO  [Thread-4] 2018-03-24 16:31:51,508 repast.simphony.batch.ssh.LocalSession - java.lang.ArrayIndexOutOfBoundsException: 1
INFO  [Thread-4] 2018-03-24 16:31:51,508 repast.simphony.batch.ssh.LocalSession - 	at repast.simphony.batch.parameter.ParameterLineParser.parse(ParameterLineParser.java:55)
INFO  [Thread-4] 2018-03-24 16:31:51,509 repast.simphony.batch.ssh.LocalSession - 	at repast.simphony.batch.InstanceRunner.run(InstanceRunner.java:193)
INFO  [Thread-4] 2018-03-24 16:31:51,509 repast.simphony.batch.ssh.LocalSession - 	at repast.simphony.batch.InstanceRunner.main(InstanceRunner.java:217)
INFO  [AWT-EventQueue-0] 2018-03-24 16:35:00,141 repast.simphony.batch.gui.BatchConfigMediator - Writing batch run config file to: /Users/alessandro/eclipse-workspace/aedes/output/config.props
INFO  [AWT-EventQueue-0] 2018-03-24 16:35:00,639 repast.simphony.batch.gui.BatchConfigMediator - Unrolling batch parameter file:
	/Users/alessandro/eclipse-workspace/aedes/batch/batch_params.xml to
	/var/folders/b1/dv64yjrs7nl_365pp_zx34580000gn/T/unrolledParamFile.txt
INFO  [SwingWorker-pool-2-thread-1] 2018-03-24 16:35:11,173 repast.simphony.batch.ssh.LocalSession - 
	Copying locally /var/folders/b1/dv64yjrs7nl_365pp_zx34580000gn/T/alessandro_localhost6259376143224747696.zip to 
/var/folders/b1/dv64yjrs7nl_365pp_zx34580000gn/T/simphony_model_1521920107826 ...
INFO  [SwingWorker-pool-2-thread-1] 2018-03-24 16:35:11,371 repast.simphony.batch.ssh.LocalSession - Copying Finished.
INFO  [SwingWorker-pool-2-thread-1] 2018-03-24 16:35:11,373 repast.simphony.batch.ssh.SessionsDriver - Initialization Time: 0,0591
INFO  [SwingWorker-pool-2-thread-1] 2018-03-24 16:35:11,373 repast.simphony.batch.ssh.LocalSession - Unzipping model /var/folders/b1/dv64yjrs7nl_365pp_zx34580000gn/T/simphony_model_1521920107826/alessandro_localhost6259376143224747696.zip
INFO  [SwingWorker-pool-2-thread-1] 2018-03-24 16:35:12,010 repast.simphony.batch.ssh.LocalSession - Running model on localhost ...
INFO  [Thread-8] 2018-03-24 16:35:31,587 repast.simphony.batch.ssh.LocalSession - ERROR [main] 16:35:31,583 repast.simphony.batch.InstanceRunner - Error while running model
INFO  [Thread-8] 2018-03-24 16:35:31,588 repast.simphony.batch.ssh.LocalSession - java.lang.ArrayIndexOutOfBoundsException: 1
INFO  [Thread-8] 2018-03-24 16:35:31,588 repast.simphony.batch.ssh.LocalSession - 	at repast.simphony.batch.parameter.ParameterLineParser.parse(ParameterLineParser.java:55)
INFO  [Thread-8] 2018-03-24 16:35:31,588 repast.simphony.batch.ssh.LocalSession - 	at repast.simphony.batch.InstanceRunner.run(InstanceRunner.java:193)
INFO  [Thread-8] 2018-03-24 16:35:31,588 repast.simphony.batch.ssh.LocalSession - 	at repast.simphony.batch.InstanceRunner.main(InstanceRunner.java:217)
INFO  [pool-3-thread-1] 2018-03-24 16:36:12,027 repast.simphony.batch.ssh.LocalDonePoller - Polled /var/folders/b1/dv64yjrs7nl_365pp_zx34580000gn/T/simphony_model_1521920107826 for DONE:  yes
INFO  [SwingWorker-pool-2-thread-1] 2018-03-24 16:36:12,027 repast.simphony.batch.ssh.SessionsDriver - Run Time: 1,0109
INFO  [SwingWorker-pool-2-thread-1] 2018-03-24 16:36:12,059 repast.simphony.batch.ssh.LocalSession - Finding output on localhost in /var/folders/b1/dv64yjrs7nl_365pp_zx34580000gn/T/simphony_model_1521920107826
INFO  [SwingWorker-pool-2-thread-1] 2018-03-24 16:36:12,078 repast.simphony.batch.ssh.SessionsDriver - Aggregating output into /Users/alessandro/eclipse-workspace/aedes/output
INFO  [SwingWorker-pool-2-thread-1] 2018-03-24 16:36:12,079 repast.simphony.batch.ssh.SessionsDriver - Get Output Time: 0,0008
INFO  [SwingWorker-pool-2-thread-1] 2018-03-24 16:36:12,079 repast.simphony.batch.ssh.SessionsDriver - Finished. Elapsed Time: 1,0710
INFO  [AWT-EventQueue-0] 2018-03-24 16:38:49,084 repast.simphony.batch.gui.BatchConfigMediator - Writing batch run config file to: /Users/alessandro/eclipse-workspace/aedes/output/config.props
INFO  [AWT-EventQueue-0] 2018-03-24 16:38:49,088 repast.simphony.batch.gui.BatchConfigMediator - Unrolling batch parameter file:
	/Users/alessandro/eclipse-workspace/aedes/batch/batch_params.xml to
	/var/folders/b1/dv64yjrs7nl_365pp_zx34580000gn/T/unrolledParamFile.txt
INFO  [SwingWorker-pool-2-thread-2] 2018-03-24 16:38:58,060 repast.simphony.batch.ssh.LocalSession - 
	Copying locally /var/folders/b1/dv64yjrs7nl_365pp_zx34580000gn/T/alessandro_localhost2879167488880866147.zip to 
/var/folders/b1/dv64yjrs7nl_365pp_zx34580000gn/T/simphony_model_1521920334901 ...
INFO  [SwingWorker-pool-2-thread-2] 2018-03-24 16:38:58,151 repast.simphony.batch.ssh.LocalSession - Copying Finished.
INFO  [SwingWorker-pool-2-thread-2] 2018-03-24 16:38:58,152 repast.simphony.batch.ssh.SessionsDriver - Initialization Time: 0,0542
INFO  [SwingWorker-pool-2-thread-2] 2018-03-24 16:38:58,152 repast.simphony.batch.ssh.LocalSession - Unzipping model /var/folders/b1/dv64yjrs7nl_365pp_zx34580000gn/T/simphony_model_1521920334901/alessandro_localhost2879167488880866147.zip
INFO  [SwingWorker-pool-2-thread-2] 2018-03-24 16:38:58,873 repast.simphony.batch.ssh.LocalSession - Running model on localhost ...
INFO  [Thread-9] 2018-03-24 16:39:17,643 repast.simphony.batch.ssh.LocalSession - ERROR [main] 16:39:17,639 repast.simphony.batch.InstanceRunner - Error while running model
INFO  [Thread-9] 2018-03-24 16:39:17,643 repast.simphony.batch.ssh.LocalSession - java.lang.ArrayIndexOutOfBoundsException: 1
INFO  [Thread-9] 2018-03-24 16:39:17,644 repast.simphony.batch.ssh.LocalSession - 	at repast.simphony.batch.parameter.ParameterLineParser.parse(ParameterLineParser.java:55)
INFO  [Thread-9] 2018-03-24 16:39:17,644 repast.simphony.batch.ssh.LocalSession - 	at repast.simphony.batch.InstanceRunner.run(InstanceRunner.java:193)
INFO  [Thread-9] 2018-03-24 16:39:17,644 repast.simphony.batch.ssh.LocalSession - 	at repast.simphony.batch.InstanceRunner.main(InstanceRunner.java:217)
INFO  [pool-4-thread-1] 2018-03-24 16:39:58,873 repast.simphony.batch.ssh.LocalDonePoller - Polled /var/folders/b1/dv64yjrs7nl_365pp_zx34580000gn/T/simphony_model_1521920334901 for DONE:  yes
INFO  [SwingWorker-pool-2-thread-2] 2018-03-24 16:39:58,874 repast.simphony.batch.ssh.SessionsDriver - Run Time: 1,0120
INFO  [SwingWorker-pool-2-thread-2] 2018-03-24 16:39:58,877 repast.simphony.batch.ssh.LocalSession - Finding output on localhost in /var/folders/b1/dv64yjrs7nl_365pp_zx34580000gn/T/simphony_model_1521920334901
INFO  [SwingWorker-pool-2-thread-2] 2018-03-24 16:39:58,879 repast.simphony.batch.ssh.SessionsDriver - Aggregating output into /Users/alessandro/eclipse-workspace/aedes/output
INFO  [SwingWorker-pool-2-thread-2] 2018-03-24 16:39:58,880 repast.simphony.batch.ssh.SessionsDriver - Get Output Time: 0,0001
INFO  [SwingWorker-pool-2-thread-2] 2018-03-24 16:39:58,881 repast.simphony.batch.ssh.SessionsDriver - Finished. Elapsed Time: 1,0664
INFO  [AWT-EventQueue-0] 2018-03-24 16:41:17,670 repast.simphony.batch.gui.BatchConfigMediator - Writing batch run config file to: /Users/alessandro/eclipse-workspace/aedes/output/config.props
INFO  [AWT-EventQueue-0] 2018-03-24 16:41:17,674 repast.simphony.batch.gui.BatchConfigMediator - Unrolling batch parameter file:
	/Users/alessandro/eclipse-workspace/aedes/batch/batch_params.xml to
	/var/folders/b1/dv64yjrs7nl_365pp_zx34580000gn/T/unrolledParamFile.txt
INFO  [SwingWorker-pool-2-thread-3] 2018-03-24 16:41:26,249 repast.simphony.batch.ssh.LocalSession - 
	Copying locally /var/folders/b1/dv64yjrs7nl_365pp_zx34580000gn/T/alessandro_localhost5836166399746545928.zip to 
/var/folders/b1/dv64yjrs7nl_365pp_zx34580000gn/T/simphony_model_1521920483129 ...
INFO  [SwingWorker-pool-2-thread-3] 2018-03-24 16:41:26,331 repast.simphony.batch.ssh.LocalSession - Copying Finished.
INFO  [SwingWorker-pool-2-thread-3] 2018-03-24 16:41:26,332 repast.simphony.batch.ssh.SessionsDriver - Initialization Time: 0,0534
INFO  [SwingWorker-pool-2-thread-3] 2018-03-24 16:41:26,332 repast.simphony.batch.ssh.LocalSession - Unzipping model /var/folders/b1/dv64yjrs7nl_365pp_zx34580000gn/T/simphony_model_1521920483129/alessandro_localhost5836166399746545928.zip
INFO  [SwingWorker-pool-2-thread-3] 2018-03-24 16:41:26,892 repast.simphony.batch.ssh.LocalSession - Running model on localhost ...
INFO  [pool-5-thread-1] 2018-03-24 16:42:26,895 repast.simphony.batch.ssh.LocalDonePoller - Polled /var/folders/b1/dv64yjrs7nl_365pp_zx34580000gn/T/simphony_model_1521920483129 for DONE:  yes
INFO  [SwingWorker-pool-2-thread-3] 2018-03-24 16:42:26,897 repast.simphony.batch.ssh.SessionsDriver - Run Time: 1,0094
INFO  [SwingWorker-pool-2-thread-3] 2018-03-24 16:42:26,899 repast.simphony.batch.ssh.LocalSession - Finding output on localhost in /var/folders/b1/dv64yjrs7nl_365pp_zx34580000gn/T/simphony_model_1521920483129
INFO  [SwingWorker-pool-2-thread-3] 2018-03-24 16:42:26,901 repast.simphony.batch.ssh.SessionsDriver - Aggregating output into /Users/alessandro/eclipse-workspace/aedes/output
INFO  [SwingWorker-pool-2-thread-3] 2018-03-24 16:42:26,902 repast.simphony.batch.ssh.SessionsDriver - Get Output Time: 0,0001
INFO  [SwingWorker-pool-2-thread-3] 2018-03-24 16:42:26,903 repast.simphony.batch.ssh.SessionsDriver - Finished. Elapsed Time: 1,0630
INFO  [AWT-EventQueue-0] 2018-03-24 16:47:53,001 repast.simphony.batch.gui.BatchConfigMediator - Writing batch run config file to: /Users/alessandro/eclipse-workspace/aedes/output/config.props
INFO  [AWT-EventQueue-0] 2018-03-24 16:47:53,132 repast.simphony.batch.gui.BatchConfigMediator - Unrolling batch parameter file:
	/Users/alessandro/eclipse-workspace/aedes/batch/batch_params.xml to
	/var/folders/b1/dv64yjrs7nl_365pp_zx34580000gn/T/unrolledParamFile.txt
INFO  [SwingWorker-pool-1-thread-1] 2018-03-24 16:48:02,869 repast.simphony.batch.ssh.LocalSession - 
	Copying locally /var/folders/b1/dv64yjrs7nl_365pp_zx34580000gn/T/alessandro_localhost6630850739832984936.zip to 
/var/folders/b1/dv64yjrs7nl_365pp_zx34580000gn/T/simphony_model_1521920879731 ...
INFO  [SwingWorker-pool-1-thread-1] 2018-03-24 16:48:03,016 repast.simphony.batch.ssh.LocalSession - Copying Finished.
INFO  [SwingWorker-pool-1-thread-1] 2018-03-24 16:48:03,017 repast.simphony.batch.ssh.SessionsDriver - Initialization Time: 0,0548
INFO  [SwingWorker-pool-1-thread-1] 2018-03-24 16:48:03,018 repast.simphony.batch.ssh.LocalSession - Unzipping model /var/folders/b1/dv64yjrs7nl_365pp_zx34580000gn/T/simphony_model_1521920879731/alessandro_localhost6630850739832984936.zip
INFO  [SwingWorker-pool-1-thread-1] 2018-03-24 16:48:03,672 repast.simphony.batch.ssh.LocalSession - Running model on localhost ...
INFO  [pool-2-thread-1] 2018-03-24 16:49:03,690 repast.simphony.batch.ssh.LocalDonePoller - Polled /var/folders/b1/dv64yjrs7nl_365pp_zx34580000gn/T/simphony_model_1521920879731 for DONE:  yes
INFO  [SwingWorker-pool-1-thread-1] 2018-03-24 16:49:03,694 repast.simphony.batch.ssh.SessionsDriver - Run Time: 1,0113
INFO  [SwingWorker-pool-1-thread-1] 2018-03-24 16:49:03,722 repast.simphony.batch.ssh.LocalSession - Finding output on localhost in /var/folders/b1/dv64yjrs7nl_365pp_zx34580000gn/T/simphony_model_1521920879731
INFO  [SwingWorker-pool-1-thread-1] 2018-03-24 16:49:03,746 repast.simphony.batch.ssh.SessionsDriver - Aggregating output into /Users/alessandro/eclipse-workspace/aedes/output
INFO  [SwingWorker-pool-1-thread-1] 2018-03-24 16:49:03,747 repast.simphony.batch.ssh.SessionsDriver - Get Output Time: 0,0009
INFO  [SwingWorker-pool-1-thread-1] 2018-03-24 16:49:03,747 repast.simphony.batch.ssh.SessionsDriver - Finished. Elapsed Time: 1,0671
INFO  [AWT-EventQueue-0] 2018-03-24 16:50:25,908 repast.simphony.batch.gui.BatchConfigMediator - Writing batch run config file to: /Users/alessandro/eclipse-workspace/aedes/output/config.props
INFO  [AWT-EventQueue-0] 2018-03-24 16:50:26,035 repast.simphony.batch.gui.BatchConfigMediator - Unrolling batch parameter file:
	/Users/alessandro/eclipse-workspace/aedes/batch/batch_params.xml to
	/var/folders/b1/dv64yjrs7nl_365pp_zx34580000gn/T/unrolledParamFile.txt
INFO  [SwingWorker-pool-2-thread-1] 2018-03-24 16:50:36,129 repast.simphony.batch.ssh.LocalSession - 
	Copying locally /var/folders/b1/dv64yjrs7nl_365pp_zx34580000gn/T/alessandro_localhost4754255678048693950.zip to 
/var/folders/b1/dv64yjrs7nl_365pp_zx34580000gn/T/simphony_model_1521921032775 ...
INFO  [SwingWorker-pool-2-thread-1] 2018-03-24 16:50:36,286 repast.simphony.batch.ssh.LocalSession - Copying Finished.
INFO  [SwingWorker-pool-2-thread-1] 2018-03-24 16:50:36,287 repast.simphony.batch.ssh.SessionsDriver - Initialization Time: 0,0585
INFO  [SwingWorker-pool-2-thread-1] 2018-03-24 16:50:36,288 repast.simphony.batch.ssh.LocalSession - Unzipping model /var/folders/b1/dv64yjrs7nl_365pp_zx34580000gn/T/simphony_model_1521921032775/alessandro_localhost4754255678048693950.zip
INFO  [SwingWorker-pool-2-thread-1] 2018-03-24 16:50:36,954 repast.simphony.batch.ssh.LocalSession - Running model on localhost ...
INFO  [pool-3-thread-1] 2018-03-24 16:51:36,971 repast.simphony.batch.ssh.LocalDonePoller - Polled /var/folders/b1/dv64yjrs7nl_365pp_zx34580000gn/T/simphony_model_1521921032775 for DONE:  yes
INFO  [SwingWorker-pool-2-thread-1] 2018-03-24 16:51:36,980 repast.simphony.batch.ssh.SessionsDriver - Run Time: 1,0116
INFO  [SwingWorker-pool-2-thread-1] 2018-03-24 16:51:37,031 repast.simphony.batch.ssh.LocalSession - Finding output on localhost in /var/folders/b1/dv64yjrs7nl_365pp_zx34580000gn/T/simphony_model_1521921032775
INFO  [SwingWorker-pool-2-thread-1] 2018-03-24 16:51:37,069 repast.simphony.batch.ssh.SessionsDriver - Aggregating output into /Users/alessandro/eclipse-workspace/aedes/output
INFO  [SwingWorker-pool-2-thread-1] 2018-03-24 16:51:37,069 repast.simphony.batch.ssh.SessionsDriver - Get Output Time: 0,0015
INFO  [SwingWorker-pool-2-thread-1] 2018-03-24 16:51:37,069 repast.simphony.batch.ssh.SessionsDriver - Finished. Elapsed Time: 1,0717
INFO  [AWT-EventQueue-0] 2018-03-24 16:52:22,981 repast.simphony.batch.gui.BatchConfigMediator - Writing batch run config file to: /Users/alessandro/eclipse-workspace/aedes/output/config.props
INFO  [AWT-EventQueue-0] 2018-03-24 16:52:23,118 repast.simphony.batch.gui.BatchConfigMediator - Unrolling batch parameter file:
	/Users/alessandro/eclipse-workspace/aedes/batch/batch_params.xml to
	/var/folders/b1/dv64yjrs7nl_365pp_zx34580000gn/T/unrolledParamFile.txt
INFO  [SwingWorker-pool-1-thread-1] 2018-03-24 16:52:32,912 repast.simphony.batch.ssh.LocalSession - 
	Copying locally /var/folders/b1/dv64yjrs7nl_365pp_zx34580000gn/T/alessandro_localhost81562070953027706.zip to 
/var/folders/b1/dv64yjrs7nl_365pp_zx34580000gn/T/simphony_model_1521921149598 ...
INFO  [SwingWorker-pool-1-thread-1] 2018-03-24 16:52:33,050 repast.simphony.batch.ssh.LocalSession - Copying Finished.
INFO  [SwingWorker-pool-1-thread-1] 2018-03-24 16:52:33,052 repast.simphony.batch.ssh.SessionsDriver - Initialization Time: 0,0575
INFO  [SwingWorker-pool-1-thread-1] 2018-03-24 16:52:33,052 repast.simphony.batch.ssh.LocalSession - Unzipping model /var/folders/b1/dv64yjrs7nl_365pp_zx34580000gn/T/simphony_model_1521921149598/alessandro_localhost81562070953027706.zip
INFO  [SwingWorker-pool-1-thread-1] 2018-03-24 16:52:33,893 repast.simphony.batch.ssh.LocalSession - Running model on localhost ...
INFO  [pool-2-thread-1] 2018-03-24 16:53:33,934 repast.simphony.batch.ssh.LocalDonePoller - Polled /var/folders/b1/dv64yjrs7nl_365pp_zx34580000gn/T/simphony_model_1521921149598 for DONE:  yes
INFO  [SwingWorker-pool-1-thread-1] 2018-03-24 16:53:33,952 repast.simphony.batch.ssh.SessionsDriver - Run Time: 1,0150
INFO  [SwingWorker-pool-1-thread-1] 2018-03-24 16:53:34,011 repast.simphony.batch.ssh.LocalSession - Finding output on localhost in /var/folders/b1/dv64yjrs7nl_365pp_zx34580000gn/T/simphony_model_1521921149598
INFO  [SwingWorker-pool-1-thread-1] 2018-03-24 16:53:34,053 repast.simphony.batch.ssh.SessionsDriver - Aggregating output into /Users/alessandro/eclipse-workspace/aedes/output
INFO  [SwingWorker-pool-1-thread-1] 2018-03-24 16:53:34,054 repast.simphony.batch.ssh.SessionsDriver - Get Output Time: 0,0017
INFO  [SwingWorker-pool-1-thread-1] 2018-03-24 16:53:34,055 repast.simphony.batch.ssh.SessionsDriver - Finished. Elapsed Time: 1,0744
INFO  [AWT-EventQueue-0] 2018-03-24 16:58:24,867 repast.simphony.batch.gui.BatchConfigMediator - Writing batch run config file to: /Users/alessandro/eclipse-workspace/aedes/output/config.props
INFO  [AWT-EventQueue-0] 2018-03-24 16:58:24,992 repast.simphony.batch.gui.BatchConfigMediator - Unrolling batch parameter file:
	/Users/alessandro/eclipse-workspace/aedes/batch/batch_params.xml to
	/var/folders/b1/dv64yjrs7nl_365pp_zx34580000gn/T/unrolledParamFile.txt
INFO  [SwingWorker-pool-1-thread-1] 2018-03-24 16:58:35,843 repast.simphony.batch.ssh.LocalSession - 
	Copying locally /var/folders/b1/dv64yjrs7nl_365pp_zx34580000gn/T/alessandro_localhost3840263414374000821.zip to 
/var/folders/b1/dv64yjrs7nl_365pp_zx34580000gn/T/simphony_model_1521921512226 ...
INFO  [SwingWorker-pool-1-thread-1] 2018-03-24 16:58:36,003 repast.simphony.batch.ssh.LocalSession - Copying Finished.
INFO  [SwingWorker-pool-1-thread-1] 2018-03-24 16:58:36,005 repast.simphony.batch.ssh.SessionsDriver - Initialization Time: 0,0630
INFO  [SwingWorker-pool-1-thread-1] 2018-03-24 16:58:36,005 repast.simphony.batch.ssh.LocalSession - Unzipping model /var/folders/b1/dv64yjrs7nl_365pp_zx34580000gn/T/simphony_model_1521921512226/alessandro_localhost3840263414374000821.zip
INFO  [SwingWorker-pool-1-thread-1] 2018-03-24 16:58:36,693 repast.simphony.batch.ssh.LocalSession - Running model on localhost ...
INFO  [pool-2-thread-1] 2018-03-24 16:59:36,707 repast.simphony.batch.ssh.LocalDonePoller - Polled /var/folders/b1/dv64yjrs7nl_365pp_zx34580000gn/T/simphony_model_1521921512226 for DONE:  yes
INFO  [SwingWorker-pool-1-thread-1] 2018-03-24 16:59:36,710 repast.simphony.batch.ssh.SessionsDriver - Run Time: 1,0117
INFO  [SwingWorker-pool-1-thread-1] 2018-03-24 16:59:36,736 repast.simphony.batch.ssh.LocalSession - Finding output on localhost in /var/folders/b1/dv64yjrs7nl_365pp_zx34580000gn/T/simphony_model_1521921512226
INFO  [SwingWorker-pool-1-thread-1] 2018-03-24 16:59:36,768 repast.simphony.batch.ssh.SessionsDriver - Aggregating output into /Users/alessandro/eclipse-workspace/aedes/output
INFO  [SwingWorker-pool-1-thread-1] 2018-03-24 16:59:36,769 repast.simphony.batch.ssh.SessionsDriver - Get Output Time: 0,0010
INFO  [SwingWorker-pool-1-thread-1] 2018-03-24 16:59:36,769 repast.simphony.batch.ssh.SessionsDriver - Finished. Elapsed Time: 1,0759
INFO  [AWT-EventQueue-0] 2018-03-24 17:09:38,507 repast.simphony.batch.gui.BatchConfigMediator - Writing batch run config file to: /Users/alessandro/eclipse-workspace/aedes/output/config.props
INFO  [AWT-EventQueue-0] 2018-03-24 17:09:38,648 repast.simphony.batch.gui.BatchConfigMediator - Unrolling batch parameter file:
	/Users/alessandro/eclipse-workspace/aedes/batch/batch_params.xml to
	/var/folders/b1/dv64yjrs7nl_365pp_zx34580000gn/T/unrolledParamFile.txt
INFO  [SwingWorker-pool-1-thread-1] 2018-03-24 17:09:49,483 repast.simphony.batch.ssh.LocalSession - 
	Copying locally /var/folders/b1/dv64yjrs7nl_365pp_zx34580000gn/T/alessandro_localhost2934364341357476326.zip to 
/var/folders/b1/dv64yjrs7nl_365pp_zx34580000gn/T/simphony_model_1521922185889 ...
INFO  [SwingWorker-pool-1-thread-1] 2018-03-24 17:09:49,661 repast.simphony.batch.ssh.LocalSession - Copying Finished.
INFO  [SwingWorker-pool-1-thread-1] 2018-03-24 17:09:49,663 repast.simphony.batch.ssh.SessionsDriver - Initialization Time: 0,0629
INFO  [SwingWorker-pool-1-thread-1] 2018-03-24 17:09:49,663 repast.simphony.batch.ssh.LocalSession - Unzipping model /var/folders/b1/dv64yjrs7nl_365pp_zx34580000gn/T/simphony_model_1521922185889/alessandro_localhost2934364341357476326.zip
INFO  [SwingWorker-pool-1-thread-1] 2018-03-24 17:09:50,462 repast.simphony.batch.ssh.LocalSession - Running model on localhost ...
INFO  [pool-2-thread-1] 2018-03-24 17:10:50,481 repast.simphony.batch.ssh.LocalDonePoller - Polled /var/folders/b1/dv64yjrs7nl_365pp_zx34580000gn/T/simphony_model_1521922185889 for DONE:  yes
INFO  [SwingWorker-pool-1-thread-1] 2018-03-24 17:10:50,483 repast.simphony.batch.ssh.SessionsDriver - Run Time: 1,0137
INFO  [SwingWorker-pool-1-thread-1] 2018-03-24 17:10:50,514 repast.simphony.batch.ssh.LocalSession - Finding output on localhost in /var/folders/b1/dv64yjrs7nl_365pp_zx34580000gn/T/simphony_model_1521922185889
INFO  [SwingWorker-pool-1-thread-1] 2018-03-24 17:10:50,527 repast.simphony.batch.ssh.SessionsDriver - Aggregating output into /Users/alessandro/eclipse-workspace/aedes/output
INFO  [SwingWorker-pool-1-thread-1] 2018-03-24 17:10:50,528 repast.simphony.batch.ssh.SessionsDriver - Get Output Time: 0,0007
INFO  [SwingWorker-pool-1-thread-1] 2018-03-24 17:10:50,529 repast.simphony.batch.ssh.SessionsDriver - Finished. Elapsed Time: 1,0774
INFO  [AWT-EventQueue-0] 2018-03-24 17:11:44,612 repast.simphony.batch.gui.BatchConfigMediator - Writing batch run config file to: /Users/alessandro/eclipse-workspace/aedes/output/config.props
INFO  [AWT-EventQueue-0] 2018-03-24 17:11:44,745 repast.simphony.batch.gui.BatchConfigMediator - Unrolling batch parameter file:
	/Users/alessandro/eclipse-workspace/aedes/batch/batch_params.xml to
	/var/folders/b1/dv64yjrs7nl_365pp_zx34580000gn/T/unrolledParamFile.txt
INFO  [SwingWorker-pool-1-thread-1] 2018-03-24 17:11:54,607 repast.simphony.batch.ssh.LocalSession - 
	Copying locally /var/folders/b1/dv64yjrs7nl_365pp_zx34580000gn/T/alessandro_localhost4858928214576838775.zip to 
/var/folders/b1/dv64yjrs7nl_365pp_zx34580000gn/T/simphony_model_1521922311259 ...
INFO  [SwingWorker-pool-1-thread-1] 2018-03-24 17:11:54,763 repast.simphony.batch.ssh.LocalSession - Copying Finished.
INFO  [SwingWorker-pool-1-thread-1] 2018-03-24 17:11:54,770 repast.simphony.batch.ssh.SessionsDriver - Initialization Time: 0,0584
INFO  [SwingWorker-pool-1-thread-1] 2018-03-24 17:11:54,772 repast.simphony.batch.ssh.LocalSession - Unzipping model /var/folders/b1/dv64yjrs7nl_365pp_zx34580000gn/T/simphony_model_1521922311259/alessandro_localhost4858928214576838775.zip
INFO  [SwingWorker-pool-1-thread-1] 2018-03-24 17:11:55,463 repast.simphony.batch.ssh.LocalSession - Running model on localhost ...
INFO  [pool-2-thread-1] 2018-03-24 17:12:55,477 repast.simphony.batch.ssh.LocalDonePoller - Polled /var/folders/b1/dv64yjrs7nl_365pp_zx34580000gn/T/simphony_model_1521922311259 for DONE:  no
INFO  [pool-2-thread-1] 2018-03-24 17:13:55,483 repast.simphony.batch.ssh.LocalDonePoller - Polled /var/folders/b1/dv64yjrs7nl_365pp_zx34580000gn/T/simphony_model_1521922311259 for DONE:  no
INFO  [pool-2-thread-1] 2018-03-24 17:14:55,484 repast.simphony.batch.ssh.LocalDonePoller - Polled /var/folders/b1/dv64yjrs7nl_365pp_zx34580000gn/T/simphony_model_1521922311259 for DONE:  no
INFO  [pool-2-thread-1] 2018-03-24 17:15:55,485 repast.simphony.batch.ssh.LocalDonePoller - Polled /var/folders/b1/dv64yjrs7nl_365pp_zx34580000gn/T/simphony_model_1521922311259 for DONE:  no
INFO  [pool-2-thread-1] 2018-03-24 17:16:55,500 repast.simphony.batch.ssh.LocalDonePoller - Polled /var/folders/b1/dv64yjrs7nl_365pp_zx34580000gn/T/simphony_model_1521922311259 for DONE:  no
INFO  [pool-2-thread-1] 2018-03-24 17:17:55,536 repast.simphony.batch.ssh.LocalDonePoller - Polled /var/folders/b1/dv64yjrs7nl_365pp_zx34580000gn/T/simphony_model_1521922311259 for DONE:  no
INFO  [pool-2-thread-1] 2018-03-24 17:18:55,542 repast.simphony.batch.ssh.LocalDonePoller - Polled /var/folders/b1/dv64yjrs7nl_365pp_zx34580000gn/T/simphony_model_1521922311259 for DONE:  no
INFO  [pool-2-thread-1] 2018-03-24 17:19:55,546 repast.simphony.batch.ssh.LocalDonePoller - Polled /var/folders/b1/dv64yjrs7nl_365pp_zx34580000gn/T/simphony_model_1521922311259 for DONE:  no
INFO  [pool-2-thread-1] 2018-03-24 17:20:55,547 repast.simphony.batch.ssh.LocalDonePoller - Polled /var/folders/b1/dv64yjrs7nl_365pp_zx34580000gn/T/simphony_model_1521922311259 for DONE:  no
INFO  [pool-2-thread-1] 2018-03-24 17:21:55,551 repast.simphony.batch.ssh.LocalDonePoller - Polled /var/folders/b1/dv64yjrs7nl_365pp_zx34580000gn/T/simphony_model_1521922311259 for DONE:  no
INFO  [pool-2-thread-1] 2018-03-24 17:22:55,555 repast.simphony.batch.ssh.LocalDonePoller - Polled /var/folders/b1/dv64yjrs7nl_365pp_zx34580000gn/T/simphony_model_1521922311259 for DONE:  no
INFO  [pool-2-thread-1] 2018-03-24 17:23:55,558 repast.simphony.batch.ssh.LocalDonePoller - Polled /var/folders/b1/dv64yjrs7nl_365pp_zx34580000gn/T/simphony_model_1521922311259 for DONE:  no
INFO  [pool-2-thread-1] 2018-03-24 17:24:55,562 repast.simphony.batch.ssh.LocalDonePoller - Polled /var/folders/b1/dv64yjrs7nl_365pp_zx34580000gn/T/simphony_model_1521922311259 for DONE:  no
INFO  [pool-2-thread-1] 2018-03-24 17:25:55,567 repast.simphony.batch.ssh.LocalDonePoller - Polled /var/folders/b1/dv64yjrs7nl_365pp_zx34580000gn/T/simphony_model_1521922311259 for DONE:  no
INFO  [pool-2-thread-1] 2018-03-24 17:26:55,571 repast.simphony.batch.ssh.LocalDonePoller - Polled /var/folders/b1/dv64yjrs7nl_365pp_zx34580000gn/T/simphony_model_1521922311259 for DONE:  no
INFO  [pool-2-thread-1] 2018-03-24 17:27:55,576 repast.simphony.batch.ssh.LocalDonePoller - Polled /var/folders/b1/dv64yjrs7nl_365pp_zx34580000gn/T/simphony_model_1521922311259 for DONE:  no
INFO  [pool-2-thread-1] 2018-03-24 17:28:55,580 repast.simphony.batch.ssh.LocalDonePoller - Polled /var/folders/b1/dv64yjrs7nl_365pp_zx34580000gn/T/simphony_model_1521922311259 for DONE:  no
INFO  [pool-2-thread-1] 2018-03-24 17:29:55,583 repast.simphony.batch.ssh.LocalDonePoller - Polled /var/folders/b1/dv64yjrs7nl_365pp_zx34580000gn/T/simphony_model_1521922311259 for DONE:  no
INFO  [pool-2-thread-1] 2018-03-24 17:30:55,588 repast.simphony.batch.ssh.LocalDonePoller - Polled /var/folders/b1/dv64yjrs7nl_365pp_zx34580000gn/T/simphony_model_1521922311259 for DONE:  no
INFO  [pool-2-thread-1] 2018-03-24 17:31:55,593 repast.simphony.batch.ssh.LocalDonePoller - Polled /var/folders/b1/dv64yjrs7nl_365pp_zx34580000gn/T/simphony_model_1521922311259 for DONE:  no
INFO  [pool-2-thread-1] 2018-03-24 17:32:55,607 repast.simphony.batch.ssh.LocalDonePoller - Polled /var/folders/b1/dv64yjrs7nl_365pp_zx34580000gn/T/simphony_model_1521922311259 for DONE:  no
INFO  [pool-2-thread-1] 2018-03-24 17:33:55,642 repast.simphony.batch.ssh.LocalDonePoller - Polled /var/folders/b1/dv64yjrs7nl_365pp_zx34580000gn/T/simphony_model_1521922311259 for DONE:  no
FATAL [Thread-6] 2018-03-24 18:41:18,403 repast.simphony.ui.GUIScheduleRunner - RunTimeException when running the schedule
Current tick (1.0)
java.lang.RuntimeException: java.lang.reflect.InvocationTargetException
	at repast.simphony.engine.schedule.DynamicTargetAction.execute(DynamicTargetAction.java:72)
	at repast.simphony.engine.controller.ScheduledMethodControllerAction$ScheduleMethodAllAction.execute(ScheduledMethodControllerAction.java:333)
	at repast.simphony.engine.schedule.DefaultAction.execute(DefaultAction.java:38)
	at repast.simphony.engine.schedule.ScheduleGroup.executeList(ScheduleGroup.java:205)
	at repast.simphony.engine.schedule.ScheduleGroup.execute(ScheduleGroup.java:231)
	at repast.simphony.engine.schedule.Schedule.execute(Schedule.java:352)
	at repast.simphony.ui.GUIScheduleRunner$ScheduleLoopRunnable.run(GUIScheduleRunner.java:52)
	at java.lang.Thread.run(Thread.java:748)
Caused by: java.lang.reflect.InvocationTargetException
	at aedes.relogo.UserObserver$$FastClassByCGLIB$$b4f8c4f1.invoke(<generated>)
	at net.sf.cglib.reflect.FastMethod.invoke(FastMethod.java:53)
	at repast.simphony.engine.schedule.DynamicTargetAction.execute(DynamicTargetAction.java:69)
	... 7 more
Caused by: groovy.lang.MissingMethodException: No signature of method: static org.opengis.temporal.DateAndTime.minus() is applicable for argument types: (Class) values: [interface org.opengis.temporal.DateAndTime]
Possible solutions: find(), is(java.lang.Object), find(groovy.lang.Closure), any(), macro(groovy.lang.Closure), print(java.lang.Object)
	at groovy.lang.MetaClassImpl.invokeStaticMissingMethod(MetaClassImpl.java:1512)
	at groovy.lang.MetaClassImpl.invokeStaticMethod(MetaClassImpl.java:1498)
	at org.codehaus.groovy.vmplugin.v7.IndyInterface.selectMethod(IndyInterface.java:232)
	at aedes.relogo.UserObserver.go(UserObserver.groovy:1719)
	... 10 more
FATAL [Thread-6] 2018-03-24 18:42:30,320 repast.simphony.ui.GUIScheduleRunner - RunTimeException when running the schedule
Current tick (1.0)
java.lang.RuntimeException: java.lang.reflect.InvocationTargetException
	at repast.simphony.engine.schedule.DynamicTargetAction.execute(DynamicTargetAction.java:72)
	at repast.simphony.engine.controller.ScheduledMethodControllerAction$ScheduleMethodAllAction.execute(ScheduledMethodControllerAction.java:333)
	at repast.simphony.engine.schedule.DefaultAction.execute(DefaultAction.java:38)
	at repast.simphony.engine.schedule.ScheduleGroup.executeList(ScheduleGroup.java:205)
	at repast.simphony.engine.schedule.ScheduleGroup.execute(ScheduleGroup.java:231)
	at repast.simphony.engine.schedule.Schedule.execute(Schedule.java:352)
	at repast.simphony.ui.GUIScheduleRunner$ScheduleLoopRunnable.run(GUIScheduleRunner.java:52)
	at java.lang.Thread.run(Thread.java:748)
Caused by: java.lang.reflect.InvocationTargetException
	at aedes.relogo.UserObserver$$FastClassByCGLIB$$b4f8c4f1.invoke(<generated>)
	at net.sf.cglib.reflect.FastMethod.invoke(FastMethod.java:53)
	at repast.simphony.engine.schedule.DynamicTargetAction.execute(DynamicTargetAction.java:69)
	... 7 more
Caused by: groovy.lang.MissingMethodException: No signature of method: static java.time.Clock.minus() is applicable for argument types: (Class) values: [class java.time.Clock]
Possible solutions: millis(), find(), is(java.lang.Object), find(groovy.lang.Closure), any(), macro(groovy.lang.Closure)
	at groovy.lang.MetaClassImpl.invokeStaticMissingMethod(MetaClassImpl.java:1512)
	at groovy.lang.MetaClassImpl.invokeStaticMethod(MetaClassImpl.java:1498)
	at org.codehaus.groovy.vmplugin.v7.IndyInterface.selectMethod(IndyInterface.java:232)
	at aedes.relogo.UserObserver.go(UserObserver.groovy:1721)
	... 10 more
FATAL [Thread-6] 2018-03-24 19:55:52,724 repast.simphony.ui.GUIScheduleRunner - RunTimeException when running the schedule
Current tick (57.0)
java.lang.RuntimeException: java.lang.reflect.InvocationTargetException
	at repast.simphony.engine.schedule.DynamicTargetAction.execute(DynamicTargetAction.java:72)
	at repast.simphony.engine.controller.ScheduledMethodControllerAction$ScheduleMethodAllAction.execute(ScheduledMethodControllerAction.java:333)
	at repast.simphony.engine.schedule.DefaultAction.execute(DefaultAction.java:38)
	at repast.simphony.engine.schedule.ScheduleGroup.executeList(ScheduleGroup.java:205)
	at repast.simphony.engine.schedule.ScheduleGroup.execute(ScheduleGroup.java:231)
	at repast.simphony.engine.schedule.Schedule.execute(Schedule.java:352)
	at repast.simphony.ui.GUIScheduleRunner$ScheduleLoopRunnable.run(GUIScheduleRunner.java:52)
	at java.lang.Thread.run(Thread.java:748)
Caused by: java.lang.reflect.InvocationTargetException
	at aedes.relogo.UserObserver$$FastClassByCGLIB$$b4f8c4f1.invoke(<generated>)
	at net.sf.cglib.reflect.FastMethod.invoke(FastMethod.java:53)
	at repast.simphony.engine.schedule.DynamicTargetAction.execute(DynamicTargetAction.java:69)
	... 7 more
Caused by: java.lang.OutOfMemoryError: GC overhead limit exceeded
	at java.util.Arrays.copyOf(Arrays.java:3181)
	at java.util.ArrayList.grow(ArrayList.java:261)
	at java.util.ArrayList.ensureExplicitCapacity(ArrayList.java:235)
	at java.util.ArrayList.ensureCapacityInternal(ArrayList.java:227)
	at java.util.ArrayList.add(ArrayList.java:458)
	at aedes.ReLogoTurtle.houses(ReLogoTurtle.java:590)
	at sun.reflect.GeneratedMethodAccessor27.invoke(Unknown Source)
	at sun.reflect.DelegatingMethodAccessorImpl.invoke(DelegatingMethodAccessorImpl.java:43)
	at java.lang.reflect.Method.invoke(Method.java:498)
	at org.codehaus.groovy.reflection.CachedMethod.invoke(CachedMethod.java:98)
	at groovy.lang.MetaMethod.doMethodInvoke(MetaMethod.java:325)
	at org.codehaus.groovy.runtime.metaclass.ClosureMetaClass.invokeMethod(ClosureMetaClass.java:384)
	at groovy.lang.MetaClassImpl.invokeMethod(MetaClassImpl.java:1033)
	at java.lang.invoke.LambdaForm$DMH/1073507084.invokeInterface_L4_L(LambdaForm$DMH)
	at java.lang.invoke.LambdaForm$BMH/617397529.reinvoke(LambdaForm$BMH)
	at java.lang.invoke.LambdaForm$MH/1192805374.guardWithCatch(LambdaForm$MH)
	at java.lang.invoke.LambdaForm$MH/1633106562.guardWithCatch(LambdaForm$MH)
	at java.lang.invoke.LambdaForm$MH/5592464.delegate(LambdaForm$MH)
	at java.lang.invoke.LambdaForm$MH/194247813.guard(LambdaForm$MH)
	at java.lang.invoke.LambdaForm$MH/5592464.delegate(LambdaForm$MH)
	at java.lang.invoke.LambdaForm$MH/194247813.guard(LambdaForm$MH)
	at java.lang.invoke.LambdaForm$MH/5592464.delegate(LambdaForm$MH)
	at java.lang.invoke.LambdaForm$MH/194247813.guard(LambdaForm$MH)
	at java.lang.invoke.LambdaForm$MH/733262288.linkToCallSite(LambdaForm$MH)
	at aedes.relogo.Mosquito$_step_closure1.doCall(Mosquito.groovy:23)
	at sun.reflect.GeneratedMethodAccessor26.invoke(Unknown Source)
	at sun.reflect.DelegatingMethodAccessorImpl.invoke(DelegatingMethodAccessorImpl.java:43)
	at java.lang.reflect.Method.invoke(Method.java:498)
	at org.codehaus.groovy.reflection.CachedMethod.invoke(CachedMethod.java:98)
	at groovy.lang.MetaMethod.doMethodInvoke(MetaMethod.java:325)
	at org.codehaus.groovy.runtime.metaclass.ClosureMetaClass.invokeMethod(ClosureMetaClass.java:294)
	at groovy.lang.MetaClassImpl.invokeMethod(MetaClassImpl.java:1033)
